2022-04-06 14:08:26:826 info: Docs available at http://localhost:3002/docs
2022-04-06 14:08:26:826 info: App is running at http://localhost:3002
2022-04-06 14:08:27:827 info: Connected to the Database
2022-04-06 14:09:14:914 info: Docs available at http://localhost:3002/docs
2022-04-06 14:09:14:914 info: App is running at http://localhost:3002
2022-04-06 14:09:15:915 info: Connected to the Database
2022-04-06 15:35:32:3532 info: Docs available at http://localhost:3002/docs
2022-04-06 15:35:32:3532 info: Docs available at http://localhost:3002/docs
2022-04-06 15:35:33:3533 info: Product found [{"id":1,"module":"1","courser_id":"126546654695","statue":"Completed","createdAt":"2022-03-22T10:11:05.000Z","updatedAt":"2022-03-22T10:11:05.000Z"},{"id":2,"module":"12","courser_id":"52252121","statue":"Incomplete","createdAt":"2022-03-22T14:31:26.000Z","updatedAt":"2022-03-22T14:31:26.000Z"},{"id":4,"module":"12","courser_id":"789654123","statue":"Incomplete","createdAt":"2022-03-23T13:58:10.000Z","updatedAt":"2022-03-23T13:58:10.000Z"},{"id":6,"module":"2","courser_id":"963258","statue":"Incomplete","createdAt":"2022-03-23T14:32:13.000Z","updatedAt":"2022-03-23T14:32:13.000Z"}]
2022-04-06 15:35:33:3533 info: Student successfully registered {}
2022-04-06 15:35:33:3533 info: Session deleted, {}
2022-04-06 15:38:27:3827 info: Docs available at http://localhost:3002/docs
2022-04-06 15:38:27:3827 info: Docs available at http://localhost:3002/docs
2022-04-06 15:38:28:3828 info: Product found [{"id":1,"module":"1","courser_id":"126546654695","statue":"Completed","createdAt":"2022-03-22T10:11:05.000Z","updatedAt":"2022-03-22T10:11:05.000Z"},{"id":2,"module":"12","courser_id":"52252121","statue":"Incomplete","createdAt":"2022-03-22T14:31:26.000Z","updatedAt":"2022-03-22T14:31:26.000Z"},{"id":4,"module":"12","courser_id":"789654123","statue":"Incomplete","createdAt":"2022-03-23T13:58:10.000Z","updatedAt":"2022-03-23T13:58:10.000Z"},{"id":6,"module":"2","courser_id":"963258","statue":"Incomplete","createdAt":"2022-03-23T14:32:13.000Z","updatedAt":"2022-03-23T14:32:13.000Z"}]
2022-04-06 15:38:28:3828 info: Student successfully registered {}
2022-04-06 15:38:28:3828 info: Session deleted, {}
2022-04-06 15:41:37:4137 info: Docs available at http://localhost:3002/docs
2022-04-06 15:41:37:4137 info: Docs available at http://localhost:3002/docs
2022-04-06 15:41:38:4138 info: Student successfully registered {}
2022-04-06 15:41:38:4138 info: Session deleted, {}
2022-04-06 15:41:38:4138 info: Product found [{"id":1,"module":"1","courser_id":"126546654695","statue":"Completed","createdAt":"2022-03-22T10:11:05.000Z","updatedAt":"2022-03-22T10:11:05.000Z"},{"id":2,"module":"12","courser_id":"52252121","statue":"Incomplete","createdAt":"2022-03-22T14:31:26.000Z","updatedAt":"2022-03-22T14:31:26.000Z"},{"id":4,"module":"12","courser_id":"789654123","statue":"Incomplete","createdAt":"2022-03-23T13:58:10.000Z","updatedAt":"2022-03-23T13:58:10.000Z"},{"id":6,"module":"2","courser_id":"963258","statue":"Incomplete","createdAt":"2022-03-23T14:32:13.000Z","updatedAt":"2022-03-23T14:32:13.000Z"}]
2022-04-06 15:52:07:527 info: Docs available at http://localhost:3002/docs
2022-04-06 15:52:08:528 info: Product found [{"id":1,"module":"1","courser_id":"126546654695","statue":"Completed","createdAt":"2022-03-22T10:11:05.000Z","updatedAt":"2022-03-22T10:11:05.000Z"},{"id":2,"module":"12","courser_id":"52252121","statue":"Incomplete","createdAt":"2022-03-22T14:31:26.000Z","updatedAt":"2022-03-22T14:31:26.000Z"},{"id":4,"module":"12","courser_id":"789654123","statue":"Incomplete","createdAt":"2022-03-23T13:58:10.000Z","updatedAt":"2022-03-23T13:58:10.000Z"},{"id":6,"module":"2","courser_id":"963258","statue":"Incomplete","createdAt":"2022-03-23T14:32:13.000Z","updatedAt":"2022-03-23T14:32:13.000Z"}]
2022-04-06 16:13:18:1318 info: Docs available at http://localhost:3002/docs
2022-04-06 16:13:18:1318 info: Product found [{"id":1,"module":"1","courser_id":"126546654695","statue":"Completed","createdAt":"2022-03-22T10:11:05.000Z","updatedAt":"2022-03-22T10:11:05.000Z"},{"id":2,"module":"12","courser_id":"52252121","statue":"Incomplete","createdAt":"2022-03-22T14:31:26.000Z","updatedAt":"2022-03-22T14:31:26.000Z"},{"id":4,"module":"12","courser_id":"789654123","statue":"Incomplete","createdAt":"2022-03-23T13:58:10.000Z","updatedAt":"2022-03-23T13:58:10.000Z"},{"id":6,"module":"2","courser_id":"963258","statue":"Incomplete","createdAt":"2022-03-23T14:32:13.000Z","updatedAt":"2022-03-23T14:32:13.000Z"}]
2022-04-06 16:13:19:1319 info: Docs available at http://localhost:3002/docs
2022-04-06 16:13:19:1319 info: Student successfully registered {}
2022-04-06 16:13:19:1319 info: Session deleted, {}
2022-04-06 16:23:52:2352 info: Docs available at http://localhost:3002/docs
2022-04-06 16:23:52:2352 info: Docs available at http://localhost:3002/docs
2022-04-06 16:23:53:2353 info: Product found [{"id":1,"module":"1","courser_id":"126546654695","statue":"Completed","createdAt":"2022-03-22T10:11:05.000Z","updatedAt":"2022-03-22T10:11:05.000Z"},{"id":2,"module":"12","courser_id":"52252121","statue":"Incomplete","createdAt":"2022-03-22T14:31:26.000Z","updatedAt":"2022-03-22T14:31:26.000Z"},{"id":4,"module":"12","courser_id":"789654123","statue":"Incomplete","createdAt":"2022-03-23T13:58:10.000Z","updatedAt":"2022-03-23T13:58:10.000Z"},{"id":6,"module":"2","courser_id":"963258","statue":"Incomplete","createdAt":"2022-03-23T14:32:13.000Z","updatedAt":"2022-03-23T14:32:13.000Z"}]
2022-04-06 16:23:53:2353 info: Student successfully registered {}
2022-04-06 16:23:53:2353 info: Session deleted, {}
2022-04-06 16:24:57:2457 info: Docs available at http://localhost:3002/docs
2022-04-06 16:24:57:2457 info: Docs available at http://localhost:3002/docs
2022-04-06 16:24:58:2458 info: Student successfully registered {}
2022-04-06 16:24:58:2458 info: Product found [{"id":1,"module":"1","courser_id":"126546654695","statue":"Completed","createdAt":"2022-03-22T10:11:05.000Z","updatedAt":"2022-03-22T10:11:05.000Z"},{"id":2,"module":"12","courser_id":"52252121","statue":"Incomplete","createdAt":"2022-03-22T14:31:26.000Z","updatedAt":"2022-03-22T14:31:26.000Z"},{"id":4,"module":"12","courser_id":"789654123","statue":"Incomplete","createdAt":"2022-03-23T13:58:10.000Z","updatedAt":"2022-03-23T13:58:10.000Z"},{"id":6,"module":"2","courser_id":"963258","statue":"Incomplete","createdAt":"2022-03-23T14:32:13.000Z","updatedAt":"2022-03-23T14:32:13.000Z"}]
2022-04-06 16:24:58:2458 info: Session deleted, {}
2022-04-06 16:29:45:2945 info: Docs available at http://localhost:3002/docs
2022-04-06 16:29:46:2946 info: Docs available at http://localhost:3002/docs
2022-04-06 16:29:46:2946 info: Product found [{"id":1,"module":"1","courser_id":"126546654695","statue":"Completed","createdAt":"2022-03-22T10:11:05.000Z","updatedAt":"2022-03-22T10:11:05.000Z"},{"id":2,"module":"12","courser_id":"52252121","statue":"Incomplete","createdAt":"2022-03-22T14:31:26.000Z","updatedAt":"2022-03-22T14:31:26.000Z"},{"id":4,"module":"12","courser_id":"789654123","statue":"Incomplete","createdAt":"2022-03-23T13:58:10.000Z","updatedAt":"2022-03-23T13:58:10.000Z"},{"id":6,"module":"2","courser_id":"963258","statue":"Incomplete","createdAt":"2022-03-23T14:32:13.000Z","updatedAt":"2022-03-23T14:32:13.000Z"}]
2022-04-06 16:29:46:2946 info: Student successfully registered {}
2022-04-06 16:29:46:2946 info: Session Created, {"userId":"5ad4f180-3aab-4f21-acf6-5b4b8444d8f0","userAgent":"Testing-instance","valid":true}
2022-04-06 16:29:46:2946 info: Student logged in true
2022-04-06 16:30:52:3052 info: Docs available at http://localhost:3002/docs
2022-04-06 16:30:52:3052 info: Docs available at http://localhost:3002/docs
2022-04-06 16:30:52:3052 info: Product found [{"id":1,"module":"1","courser_id":"126546654695","statue":"Completed","createdAt":"2022-03-22T10:11:05.000Z","updatedAt":"2022-03-22T10:11:05.000Z"},{"id":2,"module":"12","courser_id":"52252121","statue":"Incomplete","createdAt":"2022-03-22T14:31:26.000Z","updatedAt":"2022-03-22T14:31:26.000Z"},{"id":4,"module":"12","courser_id":"789654123","statue":"Incomplete","createdAt":"2022-03-23T13:58:10.000Z","updatedAt":"2022-03-23T13:58:10.000Z"},{"id":6,"module":"2","courser_id":"963258","statue":"Incomplete","createdAt":"2022-03-23T14:32:13.000Z","updatedAt":"2022-03-23T14:32:13.000Z"}]
2022-04-06 16:30:53:3053 info: Student successfully registered {}
2022-04-06 16:30:53:3053 info: Session Created, {"userId":"5ad4f180-3aab-4f21-acf6-5b4b8444d8f0","userAgent":"Testing-instance","valid":true}
2022-04-06 16:30:53:3053 info: Student logged in true
2022-04-06 16:32:04:324 info: Docs available at http://localhost:3002/docs
2022-04-06 16:32:04:324 info: Docs available at http://localhost:3002/docs
2022-04-06 16:32:05:325 info: Product found [{"id":1,"module":"1","courser_id":"126546654695","statue":"Completed","createdAt":"2022-03-22T10:11:05.000Z","updatedAt":"2022-03-22T10:11:05.000Z"},{"id":2,"module":"12","courser_id":"52252121","statue":"Incomplete","createdAt":"2022-03-22T14:31:26.000Z","updatedAt":"2022-03-22T14:31:26.000Z"},{"id":4,"module":"12","courser_id":"789654123","statue":"Incomplete","createdAt":"2022-03-23T13:58:10.000Z","updatedAt":"2022-03-23T13:58:10.000Z"},{"id":6,"module":"2","courser_id":"963258","statue":"Incomplete","createdAt":"2022-03-23T14:32:13.000Z","updatedAt":"2022-03-23T14:32:13.000Z"}]
2022-04-06 16:32:05:325 info: Student successfully registered {}
2022-04-06 16:32:05:325 info: Session Created, {"userId":"5ad4f180-3aab-4f21-acf6-5b4b8444d8f0","userAgent":"Testing-instance","valid":true}
2022-04-06 16:32:05:325 info: Student logged in true
2022-04-06 16:37:17:3717 info: Docs available at http://localhost:3002/docs
2022-04-06 16:37:17:3717 info: Docs available at http://localhost:3002/docs
2022-04-06 16:37:17:3717 info: Student successfully registered {}
2022-04-06 16:37:17:3717 info: Product found [{"id":1,"module":"1","courser_id":"126546654695","statue":"Completed","createdAt":"2022-03-22T10:11:05.000Z","updatedAt":"2022-03-22T10:11:05.000Z"},{"id":2,"module":"12","courser_id":"52252121","statue":"Incomplete","createdAt":"2022-03-22T14:31:26.000Z","updatedAt":"2022-03-22T14:31:26.000Z"},{"id":4,"module":"12","courser_id":"789654123","statue":"Incomplete","createdAt":"2022-03-23T13:58:10.000Z","updatedAt":"2022-03-23T13:58:10.000Z"},{"id":6,"module":"2","courser_id":"963258","statue":"Incomplete","createdAt":"2022-03-23T14:32:13.000Z","updatedAt":"2022-03-23T14:32:13.000Z"}]
2022-04-06 16:37:17:3717 info: Session Created, {"userId":"5ad4f180-3aab-4f21-acf6-5b4b8444d8f0","userAgent":"Testing-instance","valid":true}
2022-04-06 16:37:17:3717 info: Student logged in true
2022-04-06 16:39:36:3936 info: Docs available at http://localhost:3002/docs
2022-04-06 16:39:36:3936 info: Docs available at http://localhost:3002/docs
2022-04-06 16:39:36:3936 info: Product found [{"id":1,"module":"1","courser_id":"126546654695","statue":"Completed","createdAt":"2022-03-22T10:11:05.000Z","updatedAt":"2022-03-22T10:11:05.000Z"},{"id":2,"module":"12","courser_id":"52252121","statue":"Incomplete","createdAt":"2022-03-22T14:31:26.000Z","updatedAt":"2022-03-22T14:31:26.000Z"},{"id":4,"module":"12","courser_id":"789654123","statue":"Incomplete","createdAt":"2022-03-23T13:58:10.000Z","updatedAt":"2022-03-23T13:58:10.000Z"},{"id":6,"module":"2","courser_id":"963258","statue":"Incomplete","createdAt":"2022-03-23T14:32:13.000Z","updatedAt":"2022-03-23T14:32:13.000Z"}]
2022-04-06 16:39:36:3936 info: Student successfully registered {}
2022-04-06 16:39:36:3936 error: Product not found}
2022-04-06 16:39:36:3936 info: Session Created, {"userId":"5ad4f180-3aab-4f21-acf6-5b4b8444d8f0","userAgent":"Testing-instance","valid":true}
2022-04-06 16:39:36:3936 info: Student logged in true
2022-04-06 16:44:42:4442 info: Docs available at http://localhost:3002/docs
2022-04-06 16:44:43:4443 info: Student successfully registered {}
2022-04-06 16:44:43:4443 info: Session Created, {"userId":"5ad4f180-3aab-4f21-acf6-5b4b8444d8f0","userAgent":"Testing-instance","valid":true}
2022-04-06 16:44:43:4443 info: Student logged in true
2022-04-06 16:45:40:4540 info: Docs available at http://localhost:3002/docs
2022-04-06 16:45:40:4540 info: App is running at http://localhost:3002
2022-04-06 16:45:41:4541 info: Connected to the Database
2022-04-06 16:46:01:461 info: Session deleted, {}
2022-04-06 16:46:01:461 info: Session Created, {"id":145,"userId":"5ad4f180-3aab-4f21-acf6-5b4b8444d8f0","userAgent":"PostmanRuntime/7.29.0","valid":true,"updatedAt":"2022-04-06T11:16:01.111Z","createdAt":"2022-04-06T11:16:01.111Z"}
2022-04-06 16:46:01:461 info: Student logged in true
2022-04-06 16:46:49:4649 info: Product found
2022-04-06 16:47:56:4756 info: Docs available at http://localhost:3002/docs
2022-04-06 16:47:56:4756 info: App is running at http://localhost:3002
2022-04-06 16:47:57:4757 info: Connected to the Database
2022-04-06 16:48:10:4810 info: Docs available at http://localhost:3002/docs
2022-04-06 16:48:10:4810 info: App is running at http://localhost:3002
2022-04-06 16:48:11:4811 info: Connected to the Database
2022-04-06 16:49:26:4926 error: Id found null
2022-04-06 16:50:08:508 error: Id found null
2022-04-06 16:50:12:5012 error: Id found null
2022-04-06 16:50:28:5028 error: Id found null
2022-04-06 16:51:04:514 info: Docs available at http://localhost:3002/docs
2022-04-06 16:51:04:514 info: App is running at http://localhost:3002
2022-04-06 16:51:05:515 info: Connected to the Database
2022-04-06 16:51:10:5110 info: Docs available at http://localhost:3002/docs
2022-04-06 16:51:10:5110 info: Student successfully registered {}
2022-04-06 16:51:10:5110 info: Session Created, {"userId":"5ad4f180-3aab-4f21-acf6-5b4b8444d8f0","userAgent":"Testing-instance","valid":true}
2022-04-06 16:51:10:5110 info: Student logged in true
2022-04-06 16:52:09:529 info: Docs available at http://localhost:3002/docs
2022-04-06 16:52:09:529 info: App is running at http://localhost:3002
2022-04-06 16:52:10:5210 info: Connected to the Database
2022-04-06 16:52:16:5216 info: Docs available at http://localhost:3002/docs
2022-04-06 16:52:17:5217 info: Student successfully registered {}
2022-04-06 16:52:17:5217 info: Session Created, {"userId":"5ad4f180-3aab-4f21-acf6-5b4b8444d8f0","userAgent":"Testing-instance","valid":true}
2022-04-06 16:52:17:5217 info: Student logged in true
2022-04-06 16:53:03:533 info: Docs available at http://localhost:3002/docs
2022-04-06 16:53:03:533 info: App is running at http://localhost:3002
2022-04-06 16:53:04:534 info: Connected to the Database
2022-04-06 16:53:11:5311 info: Docs available at http://localhost:3002/docs
2022-04-06 16:53:12:5312 info: Student successfully registered {}
2022-04-06 16:53:12:5312 info: Session Created, {"userId":"5ad4f180-3aab-4f21-acf6-5b4b8444d8f0","userAgent":"Testing-instance","valid":true}
2022-04-06 16:53:12:5312 info: Student logged in true
2022-04-06 16:53:12:5312 info: Docs available at http://localhost:3002/docs
2022-04-06 16:53:13:5313 info: Product found [{"id":1,"module":"1","courser_id":"126546654695","statue":"Completed","createdAt":"2022-03-22T10:11:05.000Z","updatedAt":"2022-03-22T10:11:05.000Z"},{"id":2,"module":"12","courser_id":"52252121","statue":"Incomplete","createdAt":"2022-03-22T14:31:26.000Z","updatedAt":"2022-03-22T14:31:26.000Z"},{"id":4,"module":"12","courser_id":"789654123","statue":"Incomplete","createdAt":"2022-03-23T13:58:10.000Z","updatedAt":"2022-03-23T13:58:10.000Z"},{"id":6,"module":"2","courser_id":"963258","statue":"Incomplete","createdAt":"2022-03-23T14:32:13.000Z","updatedAt":"2022-03-23T14:32:13.000Z"}]
2022-04-06 16:53:13:5313 info: Product found
2022-04-06 16:53:55:5355 info: Docs available at http://localhost:3002/docs
2022-04-06 16:53:55:5355 info: App is running at http://localhost:3002
2022-04-06 16:53:56:5356 info: Connected to the Database
2022-04-06 16:54:13:5413 info: Docs available at http://localhost:3002/docs
2022-04-06 16:54:13:5413 info: App is running at http://localhost:3002
2022-04-06 16:54:14:5414 info: Connected to the Database
2022-04-06 16:54:32:5432 info: Docs available at http://localhost:3002/docs
2022-04-06 16:54:32:5432 info: App is running at http://localhost:3002
2022-04-06 16:54:33:5433 info: Connected to the Database
2022-04-06 16:55:23:5523 info: Docs available at http://localhost:3002/docs
2022-04-06 16:55:23:5523 info: App is running at http://localhost:3002
2022-04-06 16:55:23:5523 info: Connected to the Database
2022-04-06 16:55:42:5542 info: Docs available at http://localhost:3002/docs
2022-04-06 16:55:42:5542 info: Student successfully registered {}
2022-04-06 16:55:42:5542 info: Session Created, {"userId":"5ad4f180-3aab-4f21-acf6-5b4b8444d8f0","userAgent":"Testing-instance","valid":true}
2022-04-06 16:55:42:5542 info: Student logged in true
2022-04-06 16:55:49:5549 info: Docs available at http://localhost:3002/docs
2022-04-06 16:55:49:5549 info: App is running at http://localhost:3002
2022-04-06 16:55:50:5550 info: Connected to the Database
2022-04-06 16:56:04:564 info: Docs available at http://localhost:3002/docs
2022-04-06 16:56:05:565 info: Docs available at http://localhost:3002/docs
2022-04-06 16:56:05:565 info: Student successfully registered {}
2022-04-06 16:56:05:565 info: Session Created, {"userId":"5ad4f180-3aab-4f21-acf6-5b4b8444d8f0","userAgent":"Testing-instance","valid":true}
2022-04-06 16:56:05:565 info: Student logged in true
2022-04-06 16:56:05:565 info: Product found [{"id":1,"module":"1","courser_id":"126546654695","statue":"Completed","createdAt":"2022-03-22T10:11:05.000Z","updatedAt":"2022-03-22T10:11:05.000Z"},{"id":2,"module":"12","courser_id":"52252121","statue":"Incomplete","createdAt":"2022-03-22T14:31:26.000Z","updatedAt":"2022-03-22T14:31:26.000Z"},{"id":4,"module":"12","courser_id":"789654123","statue":"Incomplete","createdAt":"2022-03-23T13:58:10.000Z","updatedAt":"2022-03-23T13:58:10.000Z"},{"id":6,"module":"2","courser_id":"963258","statue":"Incomplete","createdAt":"2022-03-23T14:32:13.000Z","updatedAt":"2022-03-23T14:32:13.000Z"}]
2022-04-06 16:56:05:565 info: Product found
2022-04-06 16:56:40:5640 info: Docs available at http://localhost:3002/docs
2022-04-06 16:56:40:5640 info: App is running at http://localhost:3002
2022-04-06 16:56:41:5641 info: Connected to the Database
2022-04-06 16:56:58:5658 info: Docs available at http://localhost:3002/docs
2022-04-06 16:56:58:5658 info: App is running at http://localhost:3002
2022-04-06 16:56:58:5658 info: Connected to the Database
2022-04-06 16:57:34:5734 info: Docs available at http://localhost:3002/docs
2022-04-06 16:57:34:5734 info: App is running at http://localhost:3002
2022-04-06 16:57:35:5735 info: Connected to the Database
2022-04-06 16:57:54:5754 info: Docs available at http://localhost:3002/docs
2022-04-06 16:57:55:5755 info: Docs available at http://localhost:3002/docs
2022-04-06 16:57:55:5755 info: Student successfully registered {}
2022-04-06 16:57:55:5755 info: Session Created, {"userId":"5ad4f180-3aab-4f21-acf6-5b4b8444d8f0","userAgent":"Testing-instance","valid":true}
2022-04-06 16:57:55:5755 info: Student logged in true
2022-04-06 16:57:55:5755 info: Product found [{"id":1,"module":"1","courser_id":"126546654695","statue":"Completed","createdAt":"2022-03-22T10:11:05.000Z","updatedAt":"2022-03-22T10:11:05.000Z"},{"id":2,"module":"12","courser_id":"52252121","statue":"Incomplete","createdAt":"2022-03-22T14:31:26.000Z","updatedAt":"2022-03-22T14:31:26.000Z"},{"id":4,"module":"12","courser_id":"789654123","statue":"Incomplete","createdAt":"2022-03-23T13:58:10.000Z","updatedAt":"2022-03-23T13:58:10.000Z"},{"id":6,"module":"2","courser_id":"963258","statue":"Incomplete","createdAt":"2022-03-23T14:32:13.000Z","updatedAt":"2022-03-23T14:32:13.000Z"}]
2022-04-06 16:57:55:5755 info: Product found
2022-04-06 16:58:03:583 info: Product delete}
2022-04-06 16:58:58:5858 info: Docs available at http://localhost:3002/docs
2022-04-06 16:58:58:5858 info: App is running at http://localhost:3002
2022-04-06 16:59:00:590 info: Connected to the Database
2022-04-06 16:59:08:598 info: Docs available at http://localhost:3002/docs
2022-04-06 16:59:08:598 info: Docs available at http://localhost:3002/docs
2022-04-06 16:59:08:598 info: Student successfully registered {}
2022-04-06 16:59:08:598 info: Session Created, {"userId":"5ad4f180-3aab-4f21-acf6-5b4b8444d8f0","userAgent":"Testing-instance","valid":true}
2022-04-06 16:59:08:598 info: Student logged in true
2022-04-06 16:59:09:599 info: Product found [{"id":1,"module":"1","courser_id":"126546654695","statue":"Completed","createdAt":"2022-03-22T10:11:05.000Z","updatedAt":"2022-03-22T10:11:05.000Z"},{"id":2,"module":"12","courser_id":"52252121","statue":"Incomplete","createdAt":"2022-03-22T14:31:26.000Z","updatedAt":"2022-03-22T14:31:26.000Z"},{"id":6,"module":"2","courser_id":"963258","statue":"Incomplete","createdAt":"2022-03-23T14:32:13.000Z","updatedAt":"2022-03-23T14:32:13.000Z"}]
2022-04-06 16:59:09:599 info: Product found
2022-04-06 17:01:16:116 info: Docs available at http://localhost:3002/docs
2022-04-06 17:01:16:116 info: App is running at http://localhost:3002
2022-04-06 17:01:17:117 info: Connected to the Database
2022-04-06 17:02:49:249 info: Docs available at http://localhost:3002/docs
2022-04-06 17:02:49:249 info: App is running at http://localhost:3002
2022-04-06 17:02:49:249 info: Connected to the Database
2022-04-06 17:03:14:314 info: Docs available at http://localhost:3002/docs
2022-04-06 17:03:14:314 info: App is running at http://localhost:3002
2022-04-06 17:03:15:315 info: Connected to the Database
2022-04-06 17:03:24:324 info: Docs available at http://localhost:3002/docs
2022-04-06 17:03:25:325 info: Student successfully registered {}
2022-04-06 17:03:25:325 info: Session Created, {"userId":"5ad4f180-3aab-4f21-acf6-5b4b8444d8f0","userAgent":"Testing-instance","valid":true}
2022-04-06 17:03:25:325 info: Student logged in true
2022-04-06 17:03:25:325 info: Docs available at http://localhost:3002/docs
2022-04-06 17:03:26:326 info: Product found [{"id":1,"module":"1","courser_id":"126546654695","statue":"Completed","createdAt":"2022-03-22T10:11:05.000Z","updatedAt":"2022-03-22T10:11:05.000Z"},{"id":2,"module":"12","courser_id":"52252121","statue":"Incomplete","createdAt":"2022-03-22T14:31:26.000Z","updatedAt":"2022-03-22T14:31:26.000Z"},{"id":6,"module":"2","courser_id":"963258","statue":"Incomplete","createdAt":"2022-03-23T14:32:13.000Z","updatedAt":"2022-03-23T14:32:13.000Z"}]
2022-04-06 17:03:26:326 info: Product found
2022-04-06 17:04:35:435 info: Product found
2022-04-06 17:06:18:618 info: Docs available at http://localhost:3002/docs
2022-04-06 17:06:18:618 info: App is running at http://localhost:3002
2022-04-06 17:06:19:619 info: Connected to the Database
2022-04-06 17:07:34:734 info: Docs available at http://localhost:3002/docs
2022-04-06 17:07:34:734 info: App is running at http://localhost:3002
2022-04-06 17:07:35:735 info: Connected to the Database
2022-04-06 17:07:58:758 info: Docs available at http://localhost:3002/docs
2022-04-06 17:07:58:758 info: App is running at http://localhost:3002
2022-04-06 17:07:58:758 info: Connected to the Database
2022-04-06 17:08:11:811 info: Docs available at http://localhost:3002/docs
2022-04-06 17:08:11:811 info: App is running at http://localhost:3002
2022-04-06 17:08:12:812 info: Connected to the Database
2022-04-06 17:09:26:926 info: Docs available at http://localhost:3002/docs
2022-04-06 17:09:26:926 info: App is running at http://localhost:3002
2022-04-06 17:09:27:927 info: Connected to the Database
2022-04-06 17:09:39:939 info: Docs available at http://localhost:3002/docs
2022-04-06 17:09:39:939 info: App is running at http://localhost:3002
2022-04-06 17:09:40:940 info: Connected to the Database
2022-04-06 17:09:59:959 info: Docs available at http://localhost:3002/docs
2022-04-06 17:09:59:959 info: App is running at http://localhost:3002
2022-04-06 17:10:00:100 info: Connected to the Database
2022-04-06 17:10:33:1033 info: Docs available at http://localhost:3002/docs
2022-04-06 17:10:33:1033 info: App is running at http://localhost:3002
2022-04-06 17:10:33:1033 info: Connected to the Database
2022-04-06 17:12:18:1218 info: Docs available at http://localhost:3002/docs
2022-04-06 17:12:18:1218 info: App is running at http://localhost:3002
2022-04-06 17:12:19:1219 info: Connected to the Database
2022-04-06 17:14:12:1412 info: Docs available at http://localhost:3002/docs
2022-04-06 17:14:12:1412 info: App is running at http://localhost:3002
2022-04-06 17:14:12:1412 info: Connected to the Database
2022-04-06 17:14:48:1448 info: Docs available at http://localhost:3002/docs
2022-04-06 17:14:48:1448 info: App is running at http://localhost:3002
2022-04-06 17:15:02:152 info: Docs available at http://localhost:3002/docs
2022-04-06 17:15:02:152 info: App is running at http://localhost:3002
2022-04-06 17:15:03:153 info: Connected to the Database
2022-04-06 17:15:41:1541 info: Docs available at http://localhost:3002/docs
2022-04-06 17:15:41:1541 info: Docs available at http://localhost:3002/docs
2022-04-06 17:15:42:1542 info: Product found [{"id":1,"module":"1","courser_id":"126546654695","statue":"Completed","createdAt":"2022-03-22T10:11:05.000Z","updatedAt":"2022-03-22T10:11:05.000Z"},{"id":2,"module":"12","courser_id":"52252121","statue":"Incomplete","createdAt":"2022-03-22T14:31:26.000Z","updatedAt":"2022-03-22T14:31:26.000Z"},{"id":6,"module":"2","courser_id":"963258","statue":"Incomplete","createdAt":"2022-03-23T14:32:13.000Z","updatedAt":"2022-03-23T14:32:13.000Z"}]
2022-04-06 17:15:42:1542 info: Student successfully registered {}
2022-04-06 17:15:42:1542 info: Product found
2022-04-06 17:15:42:1542 info: Session Created, {"userId":"5ad4f180-3aab-4f21-acf6-5b4b8444d8f0","userAgent":"Testing-instance","valid":true}
2022-04-06 17:15:42:1542 info: Student logged in true
2022-04-06 17:17:59:1759 info: Docs available at http://localhost:3002/docs
2022-04-06 17:17:59:1759 info: App is running at http://localhost:3002
2022-04-06 17:18:00:180 info: Connected to the Database
2022-04-06 17:18:26:1826 info: Docs available at http://localhost:3002/docs
2022-04-06 17:18:26:1826 info: App is running at http://localhost:3002
2022-04-06 17:18:27:1827 info: Connected to the Database
2022-04-06 17:18:54:1854 info: Docs available at http://localhost:3002/docs
2022-04-06 17:18:54:1854 info: App is running at http://localhost:3002
2022-04-06 17:18:55:1855 info: Connected to the Database
2022-04-06 17:19:15:1915 info: Docs available at http://localhost:3002/docs
2022-04-06 17:19:15:1915 info: App is running at http://localhost:3002
2022-04-06 17:19:16:1916 info: Connected to the Database
2022-04-06 17:19:40:1940 info: Docs available at http://localhost:3002/docs
2022-04-06 17:19:40:1940 info: App is running at http://localhost:3002
2022-04-06 17:19:40:1940 info: Connected to the Database
2022-04-06 17:19:53:1953 info: Docs available at http://localhost:3002/docs
2022-04-06 17:19:53:1953 info: App is running at http://localhost:3002
2022-04-06 17:19:54:1954 info: Connected to the Database
2022-04-06 17:20:05:205 info: Docs available at http://localhost:3002/docs
2022-04-06 17:20:05:205 info: App is running at http://localhost:3002
2022-04-06 17:20:06:206 info: Connected to the Database
2022-04-06 17:20:16:2016 info: Docs available at http://localhost:3002/docs
2022-04-06 17:20:16:2016 info: App is running at http://localhost:3002
2022-04-06 17:20:17:2017 info: Connected to the Database
2022-04-06 17:23:49:2349 info: Docs available at http://localhost:3002/docs
2022-04-06 17:23:49:2349 info: App is running at http://localhost:3002
2022-04-06 17:23:51:2351 info: Connected to the Database
2022-04-06 17:24:20:2420 info: Docs available at http://localhost:3002/docs
2022-04-06 17:24:20:2420 info: App is running at http://localhost:3002
2022-04-06 17:24:21:2421 info: Connected to the Database
2022-04-06 17:24:54:2454 info: Docs available at http://localhost:3002/docs
2022-04-06 17:24:54:2454 info: App is running at http://localhost:3002
2022-04-06 17:24:55:2455 info: Connected to the Database
2022-04-06 17:25:12:2512 info: Docs available at http://localhost:3002/docs
2022-04-06 17:25:12:2512 info: App is running at http://localhost:3002
2022-04-06 17:25:13:2513 info: Connected to the Database
2022-04-06 17:25:45:2545 info: Docs available at http://localhost:3002/docs
2022-04-06 17:25:45:2545 info: App is running at http://localhost:3002
2022-04-06 17:25:46:2546 info: Connected to the Database
2022-04-06 17:26:30:2630 info: Docs available at http://localhost:3002/docs
2022-04-06 17:26:30:2630 info: App is running at http://localhost:3002
2022-04-06 17:26:31:2631 info: Connected to the Database
2022-04-06 17:28:15:2815 info: Docs available at http://localhost:3002/docs
2022-04-06 17:28:15:2815 info: App is running at http://localhost:3002
2022-04-06 17:28:16:2816 info: Connected to the Database
2022-04-06 17:28:33:2833 info: Docs available at http://localhost:3002/docs
2022-04-06 17:28:33:2833 info: Student successfully registered {}
2022-04-06 17:28:33:2833 info: Session Created, {"userId":"5ad4f180-3aab-4f21-acf6-5b4b8444d8f0","userAgent":"Testing-instance","valid":true}
2022-04-06 17:28:33:2833 info: Student logged in true
2022-04-06 17:28:33:2833 info: Docs available at http://localhost:3002/docs
2022-04-06 17:28:34:2834 info: Product found [{"id":1,"module":"1","courser_id":"126546654695","statue":"Completed","createdAt":"2022-03-22T10:11:05.000Z","updatedAt":"2022-03-22T10:11:05.000Z"},{"id":2,"module":"12","courser_id":"52252121","statue":"Incomplete","createdAt":"2022-03-22T14:31:26.000Z","updatedAt":"2022-03-22T14:31:26.000Z"},{"id":6,"module":"2","courser_id":"963258","statue":"Incomplete","createdAt":"2022-03-23T14:32:13.000Z","updatedAt":"2022-03-23T14:32:13.000Z"}]
2022-04-06 17:28:34:2834 info: Product found
2022-04-06 17:30:04:304 info: Docs available at http://localhost:3002/docs
2022-04-06 17:30:04:304 info: App is running at http://localhost:3002
2022-04-06 17:30:05:305 info: Connected to the Database
2022-04-06 17:31:00:310 info: Docs available at http://localhost:3002/docs
2022-04-06 17:31:00:310 info: App is running at http://localhost:3002
2022-04-06 17:31:01:311 info: Connected to the Database
2022-04-06 17:31:14:3114 info: Docs available at http://localhost:3002/docs
2022-04-06 17:31:14:3114 info: Docs available at http://localhost:3002/docs
2022-04-06 17:31:15:3115 info: Student successfully registered {}
2022-04-06 17:31:15:3115 info: Session Created, {"userId":"5ad4f180-3aab-4f21-acf6-5b4b8444d8f0","userAgent":"Testing-instance","valid":true}
2022-04-06 17:31:15:3115 info: Student logged in true
2022-04-06 17:31:15:3115 info: Product found [{"id":1,"module":"1","courser_id":"126546654695","statue":"Completed","createdAt":"2022-03-22T10:11:05.000Z","updatedAt":"2022-03-22T10:11:05.000Z"},{"id":2,"module":"12","courser_id":"52252121","statue":"Incomplete","createdAt":"2022-03-22T14:31:26.000Z","updatedAt":"2022-03-22T14:31:26.000Z"},{"id":6,"module":"2","courser_id":"963258","statue":"Incomplete","createdAt":"2022-03-23T14:32:13.000Z","updatedAt":"2022-03-23T14:32:13.000Z"}]
2022-04-06 17:31:15:3115 info: Product found
2022-04-06 17:31:59:3159 info: Docs available at http://localhost:3002/docs
2022-04-06 17:31:59:3159 info: App is running at http://localhost:3002
2022-04-06 17:32:00:320 info: Connected to the Database
2022-04-06 17:32:11:3211 info: Docs available at http://localhost:3002/docs
2022-04-06 17:32:11:3211 info: App is running at http://localhost:3002
2022-04-06 17:32:12:3212 info: Connected to the Database
2022-04-06 17:32:22:3222 info: Docs available at http://localhost:3002/docs
2022-04-06 17:32:22:3222 info: Student successfully registered {}
2022-04-06 17:32:22:3222 info: Session Created, {"userId":"5ad4f180-3aab-4f21-acf6-5b4b8444d8f0","userAgent":"Testing-instance","valid":true}
2022-04-06 17:32:22:3222 info: Student logged in true
2022-04-06 17:32:23:3223 info: Docs available at http://localhost:3002/docs
2022-04-06 17:32:23:3223 info: Product found [{"id":1,"module":"1","courser_id":"126546654695","statue":"Completed","createdAt":"2022-03-22T10:11:05.000Z","updatedAt":"2022-03-22T10:11:05.000Z"},{"id":2,"module":"12","courser_id":"52252121","statue":"Incomplete","createdAt":"2022-03-22T14:31:26.000Z","updatedAt":"2022-03-22T14:31:26.000Z"},{"id":6,"module":"2","courser_id":"963258","statue":"Incomplete","createdAt":"2022-03-23T14:32:13.000Z","updatedAt":"2022-03-23T14:32:13.000Z"}]
2022-04-06 17:32:23:3223 info: Product found
2022-04-06 17:33:52:3352 info: Product update [1]
2022-04-06 17:34:35:3435 info: Docs available at http://localhost:3002/docs
2022-04-06 17:34:35:3435 info: App is running at http://localhost:3002
2022-04-06 17:34:36:3436 info: Connected to the Database
2022-04-06 17:35:29:3529 info: Docs available at http://localhost:3002/docs
2022-04-06 17:35:29:3529 info: App is running at http://localhost:3002
2022-04-06 17:35:30:3530 info: Connected to the Database
2022-04-06 17:35:54:3554 info: Docs available at http://localhost:3002/docs
2022-04-06 17:35:54:3554 info: App is running at http://localhost:3002
2022-04-06 17:35:55:3555 info: Connected to the Database
2022-04-06 17:36:30:3630 info: Docs available at http://localhost:3002/docs
2022-04-06 17:36:30:3630 info: App is running at http://localhost:3002
2022-04-06 17:36:31:3631 info: Connected to the Database
2022-04-06 17:36:47:3647 info: Docs available at http://localhost:3002/docs
2022-04-06 17:36:48:3648 info: Student successfully registered {}
2022-04-06 17:36:48:3648 info: Docs available at http://localhost:3002/docs
2022-04-06 17:36:48:3648 info: Session Created, {"userId":"5ad4f180-3aab-4f21-acf6-5b4b8444d8f0","userAgent":"Testing-instance","valid":true}
2022-04-06 17:36:48:3648 info: Student logged in true
2022-04-06 17:36:49:3649 info: Product found [{"id":1,"module":"1","courser_id":"126546654695","statue":"Completed","createdAt":"2022-03-22T10:11:05.000Z","updatedAt":"2022-03-22T10:11:05.000Z"},{"id":2,"module":"12","courser_id":"52252121","statue":"Incomplete","createdAt":"2022-03-22T14:31:26.000Z","updatedAt":"2022-03-22T14:31:26.000Z"},{"id":6,"module":"2","courser_id":"963258","statue":"Completed","createdAt":"2022-03-23T14:32:13.000Z","updatedAt":"2022-04-06T12:03:51.000Z"}]
2022-04-06 17:36:49:3649 info: Product found
2022-04-06 17:37:27:3727 info: Docs available at http://localhost:3002/docs
2022-04-06 17:37:27:3727 info: App is running at http://localhost:3002
2022-04-06 17:37:27:3727 info: Connected to the Database
2022-04-06 17:37:57:3757 info: Docs available at http://localhost:3002/docs
2022-04-06 17:37:58:3758 info: Student successfully registered {}
2022-04-06 17:37:58:3758 info: Session Created, {"userId":"5ad4f180-3aab-4f21-acf6-5b4b8444d8f0","userAgent":"Testing-instance","valid":true}
2022-04-06 17:37:58:3758 info: Student logged in true
2022-04-06 17:37:58:3758 info: Docs available at http://localhost:3002/docs
2022-04-06 17:37:58:3758 info: Product found [{"id":1,"module":"1","courser_id":"126546654695","statue":"Completed","createdAt":"2022-03-22T10:11:05.000Z","updatedAt":"2022-03-22T10:11:05.000Z"},{"id":2,"module":"12","courser_id":"52252121","statue":"Incomplete","createdAt":"2022-03-22T14:31:26.000Z","updatedAt":"2022-03-22T14:31:26.000Z"},{"id":6,"module":"2","courser_id":"963258","statue":"Completed","createdAt":"2022-03-23T14:32:13.000Z","updatedAt":"2022-04-06T12:03:51.000Z"}]
2022-04-06 17:37:58:3758 info: Product found
2022-04-06 17:39:45:3945 info: Docs available at http://localhost:3002/docs
2022-04-06 17:39:45:3945 info: App is running at http://localhost:3002
2022-04-06 17:39:46:3946 info: Connected to the Database
2022-04-06 17:40:21:4021 info: Docs available at http://localhost:3002/docs
2022-04-06 17:40:21:4021 info: App is running at http://localhost:3002
2022-04-06 17:40:22:4022 info: Connected to the Database
2022-04-06 17:41:03:413 info: Docs available at http://localhost:3002/docs
2022-04-06 17:41:03:413 info: App is running at http://localhost:3002
2022-04-06 17:41:04:414 info: Connected to the Database
2022-04-06 17:41:27:4127 info: Docs available at http://localhost:3002/docs
2022-04-06 17:41:27:4127 info: App is running at http://localhost:3002
2022-04-06 17:41:28:4128 info: Connected to the Database
2022-04-06 17:42:41:4241 info: Docs available at http://localhost:3002/docs
2022-04-06 17:42:41:4241 info: App is running at http://localhost:3002
2022-04-06 17:42:42:4242 info: Connected to the Database
2022-04-06 17:42:52:4252 info: Docs available at http://localhost:3002/docs
2022-04-06 17:42:53:4253 info: Student successfully registered {}
2022-04-06 17:42:53:4253 info: Session Created, {"userId":"5ad4f180-3aab-4f21-acf6-5b4b8444d8f0","userAgent":"Testing-instance","valid":true}
2022-04-06 17:42:53:4253 info: Student logged in true
2022-04-06 17:42:53:4253 info: Docs available at http://localhost:3002/docs
2022-04-06 17:42:54:4254 info: Product found [{"id":1,"module":"1","courser_id":"126546654695","statue":"Completed","createdAt":"2022-03-22T10:11:05.000Z","updatedAt":"2022-03-22T10:11:05.000Z"},{"id":2,"module":"12","courser_id":"52252121","statue":"Incomplete","createdAt":"2022-03-22T14:31:26.000Z","updatedAt":"2022-03-22T14:31:26.000Z"},{"id":6,"module":"2","courser_id":"963258","statue":"Completed","createdAt":"2022-03-23T14:32:13.000Z","updatedAt":"2022-04-06T12:03:51.000Z"}]
2022-04-06 17:42:54:4254 info: Product found
2022-04-06 17:45:17:4517 info: Docs available at http://localhost:3002/docs
2022-04-06 17:45:17:4517 info: App is running at http://localhost:3002
2022-04-06 17:45:37:4537 info: Docs available at http://localhost:3002/docs
2022-04-06 17:45:37:4537 info: App is running at http://localhost:3002
2022-04-06 17:45:38:4538 info: Connected to the Database
2022-04-06 17:45:44:4544 info: Docs available at http://localhost:3002/docs
2022-04-06 17:45:45:4545 info: Student successfully registered {}
2022-04-06 17:45:45:4545 info: Session Created, {"userId":"5ad4f180-3aab-4f21-acf6-5b4b8444d8f0","userAgent":"Testing-instance","valid":true}
2022-04-06 17:45:45:4545 info: Student logged in true
2022-04-06 17:46:12:4612 info: Docs available at http://localhost:3002/docs
2022-04-06 17:46:12:4612 info: App is running at http://localhost:3002
2022-04-06 17:46:12:4612 info: Connected to the Database
2022-04-06 17:46:37:4637 info: Docs available at http://localhost:3002/docs
2022-04-06 17:46:37:4637 info: App is running at http://localhost:3002
2022-04-06 17:46:38:4638 info: Connected to the Database
2022-04-06 17:46:53:4653 info: Docs available at http://localhost:3002/docs
2022-04-06 17:46:53:4653 info: App is running at http://localhost:3002
2022-04-06 17:46:54:4654 info: Connected to the Database
2022-04-06 17:47:06:476 info: Docs available at http://localhost:3002/docs
2022-04-06 17:47:06:476 info: App is running at http://localhost:3002
2022-04-06 17:47:07:477 info: Connected to the Database
2022-04-06 17:47:54:4754 info: Docs available at http://localhost:3002/docs
2022-04-06 17:47:54:4754 info: App is running at http://localhost:3002
2022-04-06 17:47:55:4755 info: Connected to the Database
2022-04-06 17:48:51:4851 info: Docs available at http://localhost:3002/docs
2022-04-06 17:48:51:4851 info: App is running at http://localhost:3002
2022-04-06 17:48:52:4852 info: Connected to the Database
2022-04-06 17:49:25:4925 info: Docs available at http://localhost:3002/docs
2022-04-06 17:49:25:4925 info: App is running at http://localhost:3002
2022-04-06 17:49:26:4926 info: Connected to the Database
2022-04-06 17:49:41:4941 info: Docs available at http://localhost:3002/docs
2022-04-06 17:49:41:4941 info: App is running at http://localhost:3002
2022-04-06 17:49:42:4942 info: Connected to the Database
2022-04-06 17:50:44:5044 info: Docs available at http://localhost:3002/docs
2022-04-06 17:50:44:5044 info: App is running at http://localhost:3002
2022-04-06 17:50:53:5053 info: Docs available at http://localhost:3002/docs
2022-04-06 17:50:53:5053 info: App is running at http://localhost:3002
2022-04-06 17:51:12:5112 info: Docs available at http://localhost:3002/docs
2022-04-06 17:51:12:5112 info: App is running at http://localhost:3002
2022-04-06 17:51:13:5113 info: Connected to the Database
2022-04-06 17:51:34:5134 info: Docs available at http://localhost:3002/docs
2022-04-06 17:51:34:5134 info: App is running at http://localhost:3002
2022-04-06 17:51:35:5135 info: Connected to the Database
2022-04-06 17:51:52:5152 info: Docs available at http://localhost:3002/docs
2022-04-06 17:51:52:5152 info: App is running at http://localhost:3002
2022-04-06 17:51:53:5153 info: Connected to the Database
2022-04-06 17:52:27:5227 info: Docs available at http://localhost:3002/docs
2022-04-06 17:52:27:5227 info: App is running at http://localhost:3002
2022-04-06 17:52:41:5241 info: Docs available at http://localhost:3002/docs
2022-04-06 17:52:41:5241 info: App is running at http://localhost:3002
2022-04-06 17:52:42:5242 info: Connected to the Database
2022-04-06 17:53:18:5318 info: Docs available at http://localhost:3002/docs
2022-04-06 17:53:18:5318 info: App is running at http://localhost:3002
2022-04-06 17:53:19:5319 info: Connected to the Database
2022-04-06 17:53:31:5331 info: Docs available at http://localhost:3002/docs
2022-04-06 17:53:32:5332 info: Student successfully registered {}
2022-04-06 17:53:32:5332 info: Session Created, {"userId":"5ad4f180-3aab-4f21-acf6-5b4b8444d8f0","userAgent":"Testing-instance","valid":true}
2022-04-06 17:53:32:5332 info: Student logged in true
2022-04-06 17:53:32:5332 info: Docs available at http://localhost:3002/docs
2022-04-06 17:53:33:5333 info: Product found [{"id":1,"module":"1","courser_id":"126546654695","statue":"Completed","createdAt":"2022-03-22T10:11:05.000Z","updatedAt":"2022-03-22T10:11:05.000Z"},{"id":2,"module":"12","courser_id":"52252121","statue":"Incomplete","createdAt":"2022-03-22T14:31:26.000Z","updatedAt":"2022-03-22T14:31:26.000Z"},{"id":6,"module":"2","courser_id":"963258","statue":"Completed","createdAt":"2022-03-23T14:32:13.000Z","updatedAt":"2022-04-06T12:03:51.000Z"}]
2022-04-06 17:53:33:5333 info: Product found
2022-04-06 17:53:33:5333 info: Product found
2022-04-06 17:54:18:5418 info: Docs available at http://localhost:3002/docs
2022-04-06 17:54:18:5418 info: App is running at http://localhost:3002
2022-04-06 17:54:19:5419 info: Connected to the Database
2022-04-06 17:54:56:5456 info: Docs available at http://localhost:3002/docs
2022-04-06 17:54:56:5456 info: App is running at http://localhost:3002
2022-04-06 17:54:57:5457 info: Connected to the Database
2022-04-06 17:55:01:551 info: Docs available at http://localhost:3002/docs
2022-04-06 17:55:02:552 info: Student successfully registered {}
2022-04-06 17:55:02:552 info: Session Created, {"userId":"5ad4f180-3aab-4f21-acf6-5b4b8444d8f0","userAgent":"Testing-instance","valid":true}
2022-04-06 17:55:02:552 info: Student logged in true
2022-04-06 17:55:02:552 info: Docs available at http://localhost:3002/docs
2022-04-06 17:55:03:553 info: Product found [{"id":1,"module":"1","courser_id":"126546654695","statue":"Completed","createdAt":"2022-03-22T10:11:05.000Z","updatedAt":"2022-03-22T10:11:05.000Z"},{"id":2,"module":"12","courser_id":"52252121","statue":"Incomplete","createdAt":"2022-03-22T14:31:26.000Z","updatedAt":"2022-03-22T14:31:26.000Z"},{"id":6,"module":"2","courser_id":"963258","statue":"Completed","createdAt":"2022-03-23T14:32:13.000Z","updatedAt":"2022-04-06T12:03:51.000Z"}]
2022-04-06 17:55:03:553 info: Product found
2022-04-06 17:57:10:5710 info: Docs available at http://localhost:3002/docs
2022-04-06 17:57:10:5710 info: App is running at http://localhost:3002
2022-04-06 17:57:11:5711 info: Connected to the Database
2022-04-06 17:57:45:5745 info: Docs available at http://localhost:3002/docs
2022-04-06 17:57:45:5745 info: App is running at http://localhost:3002
2022-04-06 17:57:46:5746 info: Connected to the Database
2022-04-06 17:58:30:5830 info: Docs available at http://localhost:3002/docs
2022-04-06 17:58:30:5830 info: App is running at http://localhost:3002
2022-04-06 17:58:31:5831 info: Connected to the Database
2022-04-06 17:58:39:5839 info: Docs available at http://localhost:3002/docs
2022-04-06 17:58:39:5839 info: Docs available at http://localhost:3002/docs
2022-04-06 17:58:39:5839 info: Student successfully registered {}
2022-04-06 17:58:39:5839 info: Session Created, {"userId":"5ad4f180-3aab-4f21-acf6-5b4b8444d8f0","userAgent":"Testing-instance","valid":true}
2022-04-06 17:58:39:5839 info: Student logged in true
2022-04-06 17:58:40:5840 info: Product found [{"id":1,"module":"1","courser_id":"126546654695","statue":"Completed","createdAt":"2022-03-22T10:11:05.000Z","updatedAt":"2022-03-22T10:11:05.000Z"},{"id":2,"module":"12","courser_id":"52252121","statue":"Incomplete","createdAt":"2022-03-22T14:31:26.000Z","updatedAt":"2022-03-22T14:31:26.000Z"},{"id":6,"module":"2","courser_id":"963258","statue":"Completed","createdAt":"2022-03-23T14:32:13.000Z","updatedAt":"2022-04-06T12:03:51.000Z"}]
2022-04-06 17:58:40:5840 info: Product found
2022-04-06 18:33:41:3341 info: Docs available at http://localhost:3002/docs
2022-04-06 18:33:41:3341 info: App is running at http://localhost:3002
2022-04-06 18:33:42:3342 info: Connected to the Database
2022-04-06 18:34:11:3411 info: Docs available at http://localhost:3002/docs
2022-04-06 18:34:11:3411 info: App is running at http://localhost:3002
2022-04-06 18:34:12:3412 info: Connected to the Database
2022-04-06 18:34:52:3452 info: Docs available at http://localhost:3002/docs
2022-04-06 18:34:52:3452 info: Docs available at http://localhost:3002/docs
2022-04-06 18:34:53:3453 info: Student successfully registered {}
2022-04-06 18:34:53:3453 info: Session Created, {"userId":"5ad4f180-3aab-4f21-acf6-5b4b8444d8f0","userAgent":"Testing-instance","valid":true}
2022-04-06 18:34:53:3453 info: Student logged in true
2022-04-06 18:34:53:3453 info: Product found [{"id":1,"module":"1","courser_id":"126546654695","statue":"Completed","createdAt":"2022-03-22T10:11:05.000Z","updatedAt":"2022-03-22T10:11:05.000Z"},{"id":2,"module":"12","courser_id":"52252121","statue":"Incomplete","createdAt":"2022-03-22T14:31:26.000Z","updatedAt":"2022-03-22T14:31:26.000Z"},{"id":6,"module":"2","courser_id":"963258","statue":"Completed","createdAt":"2022-03-23T14:32:13.000Z","updatedAt":"2022-04-06T12:03:51.000Z"}]
2022-04-06 18:34:53:3453 info: Product found
2022-04-06 18:36:23:3623 info: Docs available at http://localhost:3002/docs
2022-04-06 18:36:23:3623 info: App is running at http://localhost:3002
2022-04-06 18:36:24:3624 info: Connected to the Database
2022-04-06 18:36:36:3636 info: Docs available at http://localhost:3002/docs
2022-04-06 18:36:36:3636 info: App is running at http://localhost:3002
2022-04-06 18:36:36:3636 info: Connected to the Database
2022-04-06 18:43:37:4337 info: Docs available at http://localhost:3002/docs
2022-04-06 18:43:37:4337 info: App is running at http://localhost:3002
2022-04-06 18:43:38:4338 info: Connected to the Database
2022-04-06 18:44:07:447 info: Docs available at http://localhost:3002/docs
2022-04-06 18:44:07:447 info: App is running at http://localhost:3002
2022-04-06 18:44:08:448 info: Connected to the Database
2022-04-06 18:45:42:4542 info: Docs available at http://localhost:3002/docs
2022-04-06 18:45:42:4542 info: App is running at http://localhost:3002
2022-04-06 18:45:43:4543 info: Connected to the Database
2022-04-06 18:46:00:460 info: Docs available at http://localhost:3002/docs
2022-04-06 18:46:01:461 info: Docs available at http://localhost:3002/docs
2022-04-06 18:46:01:461 info: Student successfully registered {}
2022-04-06 18:46:01:461 info: Product found [{"id":1,"module":"1","courser_id":"126546654695","statue":"Completed","createdAt":"2022-03-22T10:11:05.000Z","updatedAt":"2022-03-22T10:11:05.000Z"},{"id":2,"module":"12","courser_id":"52252121","statue":"Incomplete","createdAt":"2022-03-22T14:31:26.000Z","updatedAt":"2022-03-22T14:31:26.000Z"},{"id":6,"module":"2","courser_id":"963258","statue":"Completed","createdAt":"2022-03-23T14:32:13.000Z","updatedAt":"2022-04-06T12:03:51.000Z"}]
2022-04-06 18:46:01:461 info: Product found
2022-04-06 18:46:01:461 info: Session Created, {"userId":"5ad4f180-3aab-4f21-acf6-5b4b8444d8f0","userAgent":"Testing-instance","valid":true}
2022-04-06 18:46:01:461 info: Student logged in true
2022-04-06 18:47:07:477 info: Docs available at http://localhost:3002/docs
2022-04-06 18:47:08:478 info: App is running at http://localhost:3002
2022-04-06 18:47:08:478 info: Connected to the Database
2022-04-06 18:47:26:4726 info: Docs available at http://localhost:3002/docs
2022-04-06 18:47:26:4726 info: Docs available at http://localhost:3002/docs
2022-04-06 18:47:26:4726 info: Student successfully registered {}
2022-04-06 18:47:26:4726 info: Session Created, {"userId":"5ad4f180-3aab-4f21-acf6-5b4b8444d8f0","userAgent":"Testing-instance","valid":true}
2022-04-06 18:47:26:4726 info: Student logged in true
2022-04-06 18:47:26:4726 info: Product found [{"id":1,"module":"1","courser_id":"126546654695","statue":"Completed","createdAt":"2022-03-22T10:11:05.000Z","updatedAt":"2022-03-22T10:11:05.000Z"},{"id":2,"module":"12","courser_id":"52252121","statue":"Incomplete","createdAt":"2022-03-22T14:31:26.000Z","updatedAt":"2022-03-22T14:31:26.000Z"},{"id":6,"module":"2","courser_id":"963258","statue":"Completed","createdAt":"2022-03-23T14:32:13.000Z","updatedAt":"2022-04-06T12:03:51.000Z"}]
2022-04-06 18:47:27:4727 info: Product found
2022-04-06 18:48:16:4816 error: Product not found}
2022-04-06 18:48:57:4857 info: Docs available at http://localhost:3002/docs
2022-04-06 18:48:57:4857 info: App is running at http://localhost:3002
2022-04-06 18:48:58:4858 info: Connected to the Database
2022-04-06 18:49:07:497 info: Docs available at http://localhost:3002/docs
2022-04-06 18:49:07:497 info: Student successfully registered {}
2022-04-06 18:49:07:497 info: Session Created, {"userId":"5ad4f180-3aab-4f21-acf6-5b4b8444d8f0","userAgent":"Testing-instance","valid":true}
2022-04-06 18:49:07:497 info: Student logged in true
2022-04-06 18:49:07:497 info: Docs available at http://localhost:3002/docs
2022-04-06 18:49:08:498 info: Product found [{"id":1,"module":"1","courser_id":"126546654695","statue":"Completed","createdAt":"2022-03-22T10:11:05.000Z","updatedAt":"2022-03-22T10:11:05.000Z"},{"id":2,"module":"12","courser_id":"52252121","statue":"Incomplete","createdAt":"2022-03-22T14:31:26.000Z","updatedAt":"2022-03-22T14:31:26.000Z"},{"id":6,"module":"2","courser_id":"963258","statue":"Completed","createdAt":"2022-03-23T14:32:13.000Z","updatedAt":"2022-04-06T12:03:51.000Z"}]
2022-04-06 18:49:08:498 info: Product found
2022-04-06 18:50:22:5022 error: Product not found}
2022-04-06 18:51:04:514 info: Docs available at http://localhost:3002/docs
2022-04-06 18:51:04:514 info: App is running at http://localhost:3002
2022-04-06 18:51:06:516 info: Connected to the Database
2022-04-06 18:51:15:5115 info: Docs available at http://localhost:3002/docs
2022-04-06 18:51:15:5115 info: Student successfully registered {}
2022-04-06 18:51:15:5115 info: Session Created, {"userId":"5ad4f180-3aab-4f21-acf6-5b4b8444d8f0","userAgent":"Testing-instance","valid":true}
2022-04-06 18:51:15:5115 info: Student logged in true
2022-04-06 18:51:15:5115 info: Docs available at http://localhost:3002/docs
2022-04-06 18:51:16:5116 info: Product found [{"id":1,"module":"1","courser_id":"126546654695","statue":"Completed","createdAt":"2022-03-22T10:11:05.000Z","updatedAt":"2022-03-22T10:11:05.000Z"},{"id":2,"module":"12","courser_id":"52252121","statue":"Incomplete","createdAt":"2022-03-22T14:31:26.000Z","updatedAt":"2022-03-22T14:31:26.000Z"},{"id":6,"module":"2","courser_id":"963258","statue":"Completed","createdAt":"2022-03-23T14:32:13.000Z","updatedAt":"2022-04-06T12:03:51.000Z"}]
2022-04-06 18:51:16:5116 info: Product found
2022-04-06 18:51:16:5116 info: Product delete}
2022-04-06 18:51:34:5134 info: Docs available at http://localhost:3002/docs
2022-04-06 18:51:34:5134 info: App is running at http://localhost:3002
2022-04-06 18:51:35:5135 info: Connected to the Database
2022-04-06 18:53:10:5310 info: Docs available at http://localhost:3002/docs
2022-04-06 18:53:10:5310 info: App is running at http://localhost:3002
2022-04-06 18:53:11:5311 info: Connected to the Database
2022-04-06 18:53:22:5322 info: Docs available at http://localhost:3002/docs
2022-04-06 18:53:22:5322 info: App is running at http://localhost:3002
2022-04-06 18:53:22:5322 info: Connected to the Database
2022-04-06 18:53:36:5336 info: Docs available at http://localhost:3002/docs
2022-04-06 18:53:37:5337 info: Student successfully registered {}
2022-04-06 18:53:37:5337 info: Session Created, {"userId":"5ad4f180-3aab-4f21-acf6-5b4b8444d8f0","userAgent":"Testing-instance","valid":true}
2022-04-06 18:53:37:5337 info: Student logged in true
2022-04-06 18:53:37:5337 info: Docs available at http://localhost:3002/docs
2022-04-06 18:53:38:5338 info: Product found [{"id":1,"module":"1","courser_id":"126546654695","statue":"Completed","createdAt":"2022-03-22T10:11:05.000Z","updatedAt":"2022-03-22T10:11:05.000Z"},{"id":2,"module":"12","courser_id":"52252121","statue":"Incomplete","createdAt":"2022-03-22T14:31:26.000Z","updatedAt":"2022-03-22T14:31:26.000Z"},{"id":6,"module":"2","courser_id":"963258","statue":"Completed","createdAt":"2022-03-23T14:32:13.000Z","updatedAt":"2022-04-06T12:03:51.000Z"}]
2022-04-06 18:53:38:5338 info: Product found
2022-04-06 18:53:38:5338 info: Product delete}
2022-04-06 18:54:07:547 info: Docs available at http://localhost:3002/docs
2022-04-06 18:54:07:547 info: App is running at http://localhost:3002
2022-04-06 18:54:08:548 info: Connected to the Database
2022-04-06 18:54:23:5423 info: Docs available at http://localhost:3002/docs
2022-04-06 18:54:23:5423 info: App is running at http://localhost:3002
2022-04-06 18:54:24:5424 info: Connected to the Database
2022-04-06 18:55:05:555 info: Docs available at http://localhost:3002/docs
2022-04-06 18:55:05:555 info: App is running at http://localhost:3002
2022-04-06 18:55:06:556 info: Connected to the Database
2022-04-06 18:55:16:5516 info: Docs available at http://localhost:3002/docs
2022-04-06 18:55:17:5517 info: Student successfully registered {}
2022-04-06 18:55:17:5517 info: Session Created, {"userId":"5ad4f180-3aab-4f21-acf6-5b4b8444d8f0","userAgent":"Testing-instance","valid":true}
2022-04-06 18:55:17:5517 info: Student logged in true
2022-04-06 18:55:17:5517 info: Docs available at http://localhost:3002/docs
2022-04-06 18:55:17:5517 info: Product found [{"id":1,"module":"1","courser_id":"126546654695","statue":"Completed","createdAt":"2022-03-22T10:11:05.000Z","updatedAt":"2022-03-22T10:11:05.000Z"},{"id":2,"module":"12","courser_id":"52252121","statue":"Incomplete","createdAt":"2022-03-22T14:31:26.000Z","updatedAt":"2022-03-22T14:31:26.000Z"},{"id":6,"module":"2","courser_id":"963258","statue":"Completed","createdAt":"2022-03-23T14:32:13.000Z","updatedAt":"2022-04-06T12:03:51.000Z"}]
2022-04-06 18:55:17:5517 info: Product found
2022-04-06 18:55:17:5517 info: Product delete}
2022-04-06 18:56:08:568 info: Product update [1]
2022-04-06 18:56:19:5619 error: Product not found}
2022-04-06 18:57:09:579 info: Docs available at http://localhost:3002/docs
2022-04-06 18:57:09:579 info: App is running at http://localhost:3002
2022-04-06 18:57:11:5711 info: Connected to the Database
2022-04-06 18:57:21:5721 info: Docs available at http://localhost:3002/docs
2022-04-06 18:57:21:5721 info: Docs available at http://localhost:3002/docs
2022-04-06 18:57:22:5722 info: Product found [{"id":1,"module":"1","courser_id":"126546654695","statue":"Completed","createdAt":"2022-03-22T10:11:05.000Z","updatedAt":"2022-03-22T10:11:05.000Z"},{"id":2,"module":"12","courser_id":"52252121","statue":"Incomplete","createdAt":"2022-03-22T14:31:26.000Z","updatedAt":"2022-03-22T14:31:26.000Z"},{"id":6,"module":"2","courser_id":"963258","statue":"Completed","createdAt":"2022-03-23T14:32:13.000Z","updatedAt":"2022-04-06T13:26:08.000Z"}]
2022-04-06 18:57:22:5722 info: Product found
2022-04-06 18:57:22:5722 info: Product delete}
2022-04-06 18:57:22:5722 info: Student successfully registered {}
2022-04-06 18:57:22:5722 info: Session Created, {"userId":"5ad4f180-3aab-4f21-acf6-5b4b8444d8f0","userAgent":"Testing-instance","valid":true}
2022-04-06 18:57:22:5722 info: Student logged in true
2022-04-06 18:58:54:5854 info: Docs available at http://localhost:3002/docs
2022-04-06 18:58:54:5854 info: App is running at http://localhost:3002
2022-04-06 18:58:55:5855 info: Connected to the Database
2022-04-06 18:59:15:5915 info: Docs available at http://localhost:3002/docs
2022-04-06 18:59:16:5916 info: Docs available at http://localhost:3002/docs
2022-04-06 18:59:16:5916 info: Student successfully registered {}
2022-04-06 18:59:16:5916 info: Session Created, {"userId":"5ad4f180-3aab-4f21-acf6-5b4b8444d8f0","userAgent":"Testing-instance","valid":true}
2022-04-06 18:59:16:5916 info: Student logged in true
2022-04-06 18:59:16:5916 info: Product found [{"id":1,"module":"1","courser_id":"126546654695","statue":"Completed","createdAt":"2022-03-22T10:11:05.000Z","updatedAt":"2022-03-22T10:11:05.000Z"},{"id":2,"module":"12","courser_id":"52252121","statue":"Incomplete","createdAt":"2022-03-22T14:31:26.000Z","updatedAt":"2022-03-22T14:31:26.000Z"},{"id":6,"module":"2","courser_id":"963258","statue":"Completed","createdAt":"2022-03-23T14:32:13.000Z","updatedAt":"2022-04-06T13:26:08.000Z"}]
2022-04-06 18:59:16:5916 info: Product found
2022-04-06 18:59:16:5916 info: Product delete}
2022-04-06 19:00:24:024 info: Docs available at http://localhost:3002/docs
2022-04-06 19:00:24:024 info: App is running at http://localhost:3002
2022-04-06 19:00:25:025 info: Connected to the Database
2022-04-06 19:01:02:12 info: Docs available at http://localhost:3002/docs
2022-04-06 19:01:02:12 info: App is running at http://localhost:3002
2022-04-06 19:01:03:13 info: Connected to the Database
2022-04-06 19:01:09:19 info: Docs available at http://localhost:3002/docs
2022-04-06 19:01:10:110 info: Student successfully registered {}
2022-04-06 19:01:10:110 info: Session Created, {"userId":"5ad4f180-3aab-4f21-acf6-5b4b8444d8f0","userAgent":"Testing-instance","valid":true}
2022-04-06 19:01:10:110 info: Student logged in true
2022-04-06 19:01:11:111 info: Docs available at http://localhost:3002/docs
2022-04-06 19:01:11:111 info: Product found [{"id":1,"module":"1","courser_id":"126546654695","statue":"Completed","createdAt":"2022-03-22T10:11:05.000Z","updatedAt":"2022-03-22T10:11:05.000Z"},{"id":2,"module":"12","courser_id":"52252121","statue":"Incomplete","createdAt":"2022-03-22T14:31:26.000Z","updatedAt":"2022-03-22T14:31:26.000Z"},{"id":6,"module":"2","courser_id":"963258","statue":"Completed","createdAt":"2022-03-23T14:32:13.000Z","updatedAt":"2022-04-06T13:26:08.000Z"}]
2022-04-06 19:01:11:111 info: Product found
2022-04-06 19:01:11:111 info: Product delete}
2022-04-06 19:01:39:139 info: Docs available at http://localhost:3002/docs
2022-04-06 19:01:39:139 info: App is running at http://localhost:3002
2022-04-06 19:01:40:140 info: Connected to the Database
2022-04-06 19:02:05:25 info: Docs available at http://localhost:3002/docs
2022-04-06 19:02:06:26 info: App is running at http://localhost:3002
2022-04-06 19:02:07:27 info: Connected to the Database
2022-04-06 19:02:17:217 info: Docs available at http://localhost:3002/docs
2022-04-06 19:02:18:218 info: Student successfully registered {}
2022-04-06 19:02:18:218 info: Session Created, {"userId":"5ad4f180-3aab-4f21-acf6-5b4b8444d8f0","userAgent":"Testing-instance","valid":true}
2022-04-06 19:02:18:218 info: Student logged in true
2022-04-06 19:02:18:218 info: Docs available at http://localhost:3002/docs
2022-04-06 19:02:19:219 info: Product found [{"id":1,"module":"1","courser_id":"126546654695","statue":"Completed","createdAt":"2022-03-22T10:11:05.000Z","updatedAt":"2022-03-22T10:11:05.000Z"},{"id":2,"module":"12","courser_id":"52252121","statue":"Incomplete","createdAt":"2022-03-22T14:31:26.000Z","updatedAt":"2022-03-22T14:31:26.000Z"},{"id":6,"module":"2","courser_id":"963258","statue":"Completed","createdAt":"2022-03-23T14:32:13.000Z","updatedAt":"2022-04-06T13:26:08.000Z"}]
2022-04-06 19:02:19:219 info: Product found
2022-04-06 19:02:19:219 info: Product delete}
2022-04-06 19:02:59:259 info: Docs available at http://localhost:3002/docs
2022-04-06 19:02:59:259 info: Docs available at http://localhost:3002/docs
2022-04-06 19:03:00:30 info: Product found [{"id":1,"module":"1","courser_id":"126546654695","statue":"Completed","createdAt":"2022-03-22T10:11:05.000Z","updatedAt":"2022-03-22T10:11:05.000Z"},{"id":2,"module":"12","courser_id":"52252121","statue":"Incomplete","createdAt":"2022-03-22T14:31:26.000Z","updatedAt":"2022-03-22T14:31:26.000Z"},{"id":6,"module":"2","courser_id":"963258","statue":"Completed","createdAt":"2022-03-23T14:32:13.000Z","updatedAt":"2022-04-06T13:26:08.000Z"}]
2022-04-06 19:03:00:30 info: Product found
2022-04-06 19:03:00:30 info: Student successfully registered {}
2022-04-06 19:03:00:30 info: Session Created, {"userId":"5ad4f180-3aab-4f21-acf6-5b4b8444d8f0","userAgent":"Testing-instance","valid":true}
2022-04-06 19:03:00:30 info: Student logged in true
2022-04-06 19:03:00:30 info: Product delete}
2022-04-06 19:03:57:357 info: Docs available at http://localhost:3002/docs
2022-04-06 19:03:57:357 info: App is running at http://localhost:3002
2022-04-06 19:03:59:359 info: Connected to the Database
2022-04-06 19:04:04:44 info: Docs available at http://localhost:3002/docs
2022-04-06 19:04:05:45 info: Student successfully registered {}
2022-04-06 19:04:05:45 info: Session Created, {"userId":"5ad4f180-3aab-4f21-acf6-5b4b8444d8f0","userAgent":"Testing-instance","valid":true}
2022-04-06 19:04:05:45 info: Student logged in true
2022-04-06 19:04:05:45 info: Docs available at http://localhost:3002/docs
2022-04-06 19:04:06:46 info: Product found [{"id":1,"module":"1","courser_id":"126546654695","statue":"Completed","createdAt":"2022-03-22T10:11:05.000Z","updatedAt":"2022-03-22T10:11:05.000Z"},{"id":2,"module":"12","courser_id":"52252121","statue":"Incomplete","createdAt":"2022-03-22T14:31:26.000Z","updatedAt":"2022-03-22T14:31:26.000Z"},{"id":6,"module":"2","courser_id":"963258","statue":"Completed","createdAt":"2022-03-23T14:32:13.000Z","updatedAt":"2022-04-06T13:26:08.000Z"}]
2022-04-06 19:04:06:46 info: Product found
2022-04-06 19:04:06:46 info: Product delete}
2022-04-06 19:05:29:529 info: Docs available at http://localhost:3002/docs
2022-04-06 19:05:29:529 info: App is running at http://localhost:3002
2022-04-06 19:05:30:530 info: Connected to the Database
2022-04-06 19:06:00:60 info: Docs available at http://localhost:3002/docs
2022-04-06 19:06:01:61 info: Student successfully registered {}
2022-04-06 19:06:01:61 info: Session Created, {"userId":"5ad4f180-3aab-4f21-acf6-5b4b8444d8f0","userAgent":"Testing-instance","valid":true}
2022-04-06 19:06:01:61 info: Student logged in true
2022-04-06 19:06:01:61 info: Docs available at http://localhost:3002/docs
2022-04-06 19:06:02:62 info: Product found [{"id":1,"module":"1","courser_id":"126546654695","statue":"Completed","createdAt":"2022-03-22T10:11:05.000Z","updatedAt":"2022-03-22T10:11:05.000Z"},{"id":2,"module":"12","courser_id":"52252121","statue":"Incomplete","createdAt":"2022-03-22T14:31:26.000Z","updatedAt":"2022-03-22T14:31:26.000Z"},{"id":6,"module":"2","courser_id":"963258","statue":"Completed","createdAt":"2022-03-23T14:32:13.000Z","updatedAt":"2022-04-06T13:26:08.000Z"}]
2022-04-06 19:06:02:62 info: Product found
2022-04-06 19:06:02:62 info: Product delete}
2022-04-06 19:06:44:644 info: Docs available at http://localhost:3002/docs
2022-04-06 19:06:44:644 info: Docs available at http://localhost:3002/docs
2022-04-06 19:06:45:645 info: Student successfully registered {}
2022-04-06 19:06:45:645 info: Session Created, {"userId":"5ad4f180-3aab-4f21-acf6-5b4b8444d8f0","userAgent":"Testing-instance","valid":true}
2022-04-06 19:06:45:645 info: Student logged in true
2022-04-06 19:06:45:645 info: Product found [{"id":1,"module":"1","courser_id":"126546654695","statue":"Completed","createdAt":"2022-03-22T10:11:05.000Z","updatedAt":"2022-03-22T10:11:05.000Z"},{"id":2,"module":"12","courser_id":"52252121","statue":"Incomplete","createdAt":"2022-03-22T14:31:26.000Z","updatedAt":"2022-03-22T14:31:26.000Z"},{"id":6,"module":"2","courser_id":"963258","statue":"Completed","createdAt":"2022-03-23T14:32:13.000Z","updatedAt":"2022-04-06T13:26:08.000Z"}]
2022-04-06 19:06:45:645 info: Product found
2022-04-06 19:06:45:645 info: Product delete}
2022-04-06 19:07:17:717 info: Docs available at http://localhost:3002/docs
2022-04-06 19:07:18:718 info: Student successfully registered {}
2022-04-06 19:07:18:718 info: Session Created, {"userId":"5ad4f180-3aab-4f21-acf6-5b4b8444d8f0","userAgent":"Testing-instance","valid":true}
2022-04-06 19:07:18:718 info: Student logged in true
2022-04-06 19:07:18:718 info: Docs available at http://localhost:3002/docs
2022-04-06 19:07:19:719 info: Product found [{"id":1,"module":"1","courser_id":"126546654695","statue":"Completed","createdAt":"2022-03-22T10:11:05.000Z","updatedAt":"2022-03-22T10:11:05.000Z"},{"id":2,"module":"12","courser_id":"52252121","statue":"Incomplete","createdAt":"2022-03-22T14:31:26.000Z","updatedAt":"2022-03-22T14:31:26.000Z"},{"id":6,"module":"2","courser_id":"963258","statue":"Completed","createdAt":"2022-03-23T14:32:13.000Z","updatedAt":"2022-04-06T13:26:08.000Z"}]
2022-04-06 19:07:19:719 info: Product found
2022-04-06 19:07:19:719 info: Product delete}
2022-04-06 19:07:22:722 info: Docs available at http://localhost:3002/docs
2022-04-06 19:07:22:722 info: App is running at http://localhost:3002
2022-04-06 19:07:22:722 info: Connected to the Database
2022-04-06 19:07:50:750 info: Docs available at http://localhost:3002/docs
2022-04-06 19:07:51:751 info: Student successfully registered {}
2022-04-06 19:07:51:751 info: Session Created, {"userId":"5ad4f180-3aab-4f21-acf6-5b4b8444d8f0","userAgent":"Testing-instance","valid":true}
2022-04-06 19:07:51:751 info: Student logged in true
2022-04-06 19:08:14:814 info: Docs available at http://localhost:3002/docs
2022-04-06 19:08:15:815 info: Student successfully registered {}
2022-04-06 19:08:15:815 info: Session Created, {"userId":"5ad4f180-3aab-4f21-acf6-5b4b8444d8f0","userAgent":"Testing-instance","valid":true}
2022-04-06 19:08:15:815 info: Student logged in true
2022-04-06 19:08:39:839 info: Docs available at http://localhost:3002/docs
2022-04-06 19:08:40:840 info: Student successfully registered {}
2022-04-06 19:08:40:840 info: Session Created, {"userId":"5ad4f180-3aab-4f21-acf6-5b4b8444d8f0","userAgent":"Testing-instance","valid":true}
2022-04-06 19:08:40:840 info: Student logged in true
2022-04-06 19:08:40:840 info: Docs available at http://localhost:3002/docs
2022-04-06 19:08:41:841 info: Docs available at http://localhost:3002/docs
2022-04-06 19:08:41:841 info: App is running at http://localhost:3002
2022-04-06 19:08:41:841 info: Product found [{"id":1,"module":"1","courser_id":"126546654695","statue":"Completed","createdAt":"2022-03-22T10:11:05.000Z","updatedAt":"2022-03-22T10:11:05.000Z"},{"id":2,"module":"12","courser_id":"52252121","statue":"Incomplete","createdAt":"2022-03-22T14:31:26.000Z","updatedAt":"2022-03-22T14:31:26.000Z"},{"id":6,"module":"2","courser_id":"963258","statue":"Completed","createdAt":"2022-03-23T14:32:13.000Z","updatedAt":"2022-04-06T13:26:08.000Z"}]
2022-04-06 19:08:41:841 info: Product found
2022-04-06 19:08:41:841 info: Product update undefined
2022-04-06 19:08:41:841 info: Product delete}
2022-04-06 19:08:41:841 info: Connected to the Database
2022-04-06 19:09:14:914 info: Docs available at http://localhost:3002/docs
2022-04-06 19:09:15:915 info: Student successfully registered {}
2022-04-06 19:09:15:915 info: Session Created, {"userId":"5ad4f180-3aab-4f21-acf6-5b4b8444d8f0","userAgent":"Testing-instance","valid":true}
2022-04-06 19:09:15:915 info: Student logged in true
2022-04-06 19:09:15:915 info: Docs available at http://localhost:3002/docs
2022-04-06 19:09:16:916 info: Product found [{"id":1,"module":"1","courser_id":"126546654695","statue":"Completed","createdAt":"2022-03-22T10:11:05.000Z","updatedAt":"2022-03-22T10:11:05.000Z"},{"id":2,"module":"12","courser_id":"52252121","statue":"Incomplete","createdAt":"2022-03-22T14:31:26.000Z","updatedAt":"2022-03-22T14:31:26.000Z"},{"id":6,"module":"2","courser_id":"963258","statue":"Completed","createdAt":"2022-03-23T14:32:13.000Z","updatedAt":"2022-04-06T13:26:08.000Z"}]
2022-04-06 19:09:16:916 info: Product found
2022-04-06 19:09:17:917 info: Product update undefined
2022-04-06 19:09:17:917 info: Product delete}
2022-04-06 19:09:23:923 info: Docs available at http://localhost:3002/docs
2022-04-06 19:09:23:923 info: App is running at http://localhost:3002
2022-04-06 19:09:23:923 info: Connected to the Database
2022-04-06 19:10:20:1020 info: Docs available at http://localhost:3002/docs
2022-04-06 19:10:22:1022 info: Student successfully registered {}
2022-04-06 19:10:22:1022 info: Session Created, {"userId":"5ad4f180-3aab-4f21-acf6-5b4b8444d8f0","userAgent":"Testing-instance","valid":true}
2022-04-06 19:10:22:1022 info: Student logged in true
2022-04-06 19:10:41:1041 info: Docs available at http://localhost:3002/docs
2022-04-06 19:10:42:1042 info: Student successfully registered {}
2022-04-06 19:10:42:1042 info: Session Created, {"userId":"5ad4f180-3aab-4f21-acf6-5b4b8444d8f0","userAgent":"Testing-instance","valid":true}
2022-04-06 19:10:42:1042 info: Student logged in true
2022-04-06 19:10:46:1046 info: Docs available at http://localhost:3002/docs
2022-04-06 19:10:46:1046 info: App is running at http://localhost:3002
2022-04-06 19:10:46:1046 info: Connected to the Database
2022-04-06 19:11:11:1111 info: Docs available at http://localhost:3002/docs
2022-04-06 19:11:12:1112 info: Student successfully registered {}
2022-04-06 19:11:12:1112 info: Session Created, {"userId":"5ad4f180-3aab-4f21-acf6-5b4b8444d8f0","userAgent":"Testing-instance","valid":true}
2022-04-06 19:11:12:1112 info: Student logged in true
2022-04-06 19:11:13:1113 info: Docs available at http://localhost:3002/docs
2022-04-06 19:11:14:1114 info: Product found [{"id":1,"module":"1","courser_id":"126546654695","statue":"Completed","createdAt":"2022-03-22T10:11:05.000Z","updatedAt":"2022-03-22T10:11:05.000Z"},{"id":2,"module":"12","courser_id":"52252121","statue":"Incomplete","createdAt":"2022-03-22T14:31:26.000Z","updatedAt":"2022-03-22T14:31:26.000Z"},{"id":6,"module":"2","courser_id":"963258","statue":"Completed","createdAt":"2022-03-23T14:32:13.000Z","updatedAt":"2022-04-06T13:26:08.000Z"}]
2022-04-06 19:11:14:1114 info: Product found
2022-04-06 19:11:14:1114 info: Product update undefined
2022-04-06 19:11:14:1114 info: Product delete}
2022-04-06 19:11:15:1115 info: Docs available at http://localhost:3002/docs
2022-04-06 19:11:15:1115 info: App is running at http://localhost:3002
2022-04-06 19:11:16:1116 info: Connected to the Database
2022-04-06 19:12:10:1210 info: Docs available at http://localhost:3002/docs
2022-04-06 19:12:12:1212 info: Student successfully registered {}
2022-04-06 19:12:12:1212 info: Session Created, {"userId":"5ad4f180-3aab-4f21-acf6-5b4b8444d8f0","userAgent":"Testing-instance","valid":true}
2022-04-06 19:12:12:1212 info: Student logged in true
2022-04-06 19:12:12:1212 info: Docs available at http://localhost:3002/docs
2022-04-06 19:12:13:1213 info: Product found [{"id":1,"module":"1","courser_id":"126546654695","statue":"Completed","createdAt":"2022-03-22T10:11:05.000Z","updatedAt":"2022-03-22T10:11:05.000Z"},{"id":2,"module":"12","courser_id":"52252121","statue":"Incomplete","createdAt":"2022-03-22T14:31:26.000Z","updatedAt":"2022-03-22T14:31:26.000Z"},{"id":6,"module":"2","courser_id":"963258","statue":"Completed","createdAt":"2022-03-23T14:32:13.000Z","updatedAt":"2022-04-06T13:26:08.000Z"}]
2022-04-06 19:12:13:1213 info: Product found
2022-04-06 19:12:13:1213 info: Product update undefined
2022-04-06 19:12:13:1213 info: Product delete}
2022-04-06 19:34:52:3452 info: Docs available at http://localhost:3002/docs
2022-04-06 19:34:52:3452 info: Docs available at http://localhost:3002/docs
2022-04-06 19:34:53:3453 info: Student successfully registered {}
2022-04-06 19:34:53:3453 info: Session Created, {"userId":"5ad4f180-3aab-4f21-acf6-5b4b8444d8f0","userAgent":"Testing-instance","valid":true}
2022-04-06 19:34:53:3453 info: Student logged in true
2022-04-06 19:34:53:3453 info: Product found [{"id":1,"module":"1","courser_id":"126546654695","statue":"Completed","createdAt":"2022-03-22T10:11:05.000Z","updatedAt":"2022-03-22T10:11:05.000Z"},{"id":2,"module":"12","courser_id":"52252121","statue":"Incomplete","createdAt":"2022-03-22T14:31:26.000Z","updatedAt":"2022-03-22T14:31:26.000Z"},{"id":6,"module":"2","courser_id":"963258","statue":"Completed","createdAt":"2022-03-23T14:32:13.000Z","updatedAt":"2022-04-06T13:26:08.000Z"}]
2022-04-06 19:34:53:3453 info: Product found
2022-04-06 19:34:53:3453 info: Product update undefined
2022-04-06 19:34:53:3453 info: Product delete}
2022-04-06 19:34:56:3456 info: Docs available at http://localhost:3002/docs
2022-04-06 19:34:56:3456 info: Id found []
2022-04-06 19:34:56:3456 info: Id found "1"
2022-04-06 19:34:56:3456 info: Id deleted {"evaluator_id":"963258"}
2022-04-06 19:43:44:4344 info: Docs available at http://localhost:3002/docs
2022-04-06 19:43:44:4344 info: Docs available at http://localhost:3002/docs
2022-04-06 19:43:45:4345 info: Product found [{"id":1,"module":"1","courser_id":"126546654695","statue":"Completed","createdAt":"2022-03-22T10:11:05.000Z","updatedAt":"2022-03-22T10:11:05.000Z"},{"id":2,"module":"12","courser_id":"52252121","statue":"Incomplete","createdAt":"2022-03-22T14:31:26.000Z","updatedAt":"2022-03-22T14:31:26.000Z"},{"id":6,"module":"2","courser_id":"963258","statue":"Completed","createdAt":"2022-03-23T14:32:13.000Z","updatedAt":"2022-04-06T13:26:08.000Z"}]
2022-04-06 19:43:45:4345 info: Product found
2022-04-06 19:43:45:4345 info: Id found []
2022-04-06 19:43:45:4345 info: Id found "1"
2022-04-06 19:43:45:4345 info: Product update undefined
2022-04-06 19:43:45:4345 info: Id deleted {"evaluator_id":"963258"}
2022-04-06 19:43:45:4345 info: Product delete}
2022-04-06 19:43:47:4347 info: Docs available at http://localhost:3002/docs
2022-04-06 19:43:48:4348 info: Student successfully registered {}
2022-04-06 19:43:48:4348 info: Session Created, {"userId":"5ad4f180-3aab-4f21-acf6-5b4b8444d8f0","userAgent":"Testing-instance","valid":true}
2022-04-06 19:43:48:4348 info: Student logged in true
2022-04-06 19:44:38:4438 info: Docs available at http://localhost:3002/docs
2022-04-06 19:44:38:4438 info: Docs available at http://localhost:3002/docs
2022-04-06 19:44:38:4438 info: Product found [{"id":1,"module":"1","courser_id":"126546654695","statue":"Completed","createdAt":"2022-03-22T10:11:05.000Z","updatedAt":"2022-03-22T10:11:05.000Z"},{"id":2,"module":"12","courser_id":"52252121","statue":"Incomplete","createdAt":"2022-03-22T14:31:26.000Z","updatedAt":"2022-03-22T14:31:26.000Z"},{"id":6,"module":"2","courser_id":"963258","statue":"Completed","createdAt":"2022-03-23T14:32:13.000Z","updatedAt":"2022-04-06T13:26:08.000Z"}]
2022-04-06 19:44:38:4438 info: Product found
2022-04-06 19:44:38:4438 info: Product update undefined
2022-04-06 19:44:38:4438 info: Product delete}
2022-04-06 19:44:39:4439 info: Student successfully registered {}
2022-04-06 19:44:39:4439 info: Session Created, {"userId":"5ad4f180-3aab-4f21-acf6-5b4b8444d8f0","userAgent":"Testing-instance","valid":true}
2022-04-06 19:44:39:4439 info: Student logged in true
2022-04-06 19:45:26:4526 info: Docs available at http://localhost:3002/docs
2022-04-06 19:45:26:4526 info: Docs available at http://localhost:3002/docs
2022-04-06 19:45:27:4527 info: Student successfully registered {}
2022-04-06 19:45:27:4527 info: Session Created, {"userId":"5ad4f180-3aab-4f21-acf6-5b4b8444d8f0","userAgent":"Testing-instance","valid":true}
2022-04-06 19:45:27:4527 info: Product found [{"id":1,"module":"1","courser_id":"126546654695","statue":"Completed","createdAt":"2022-03-22T10:11:05.000Z","updatedAt":"2022-03-22T10:11:05.000Z"},{"id":2,"module":"12","courser_id":"52252121","statue":"Incomplete","createdAt":"2022-03-22T14:31:26.000Z","updatedAt":"2022-03-22T14:31:26.000Z"},{"id":6,"module":"2","courser_id":"963258","statue":"Completed","createdAt":"2022-03-23T14:32:13.000Z","updatedAt":"2022-04-06T13:26:08.000Z"}]
2022-04-06 19:45:27:4527 info: Student logged in true
2022-04-06 19:45:27:4527 info: Product found
2022-04-06 19:45:27:4527 info: Product update undefined
2022-04-06 19:45:27:4527 info: Product delete}
2022-04-06 19:45:29:4529 info: Docs available at http://localhost:3002/docs
2022-04-06 19:45:30:4530 info: Id found []
2022-04-06 19:45:30:4530 info: Id found "1"
2022-04-06 19:45:30:4530 info: Id deleted {"evaluator_id":"963258"}
2022-04-06 19:46:09:469 info: Docs available at http://localhost:3002/docs
2022-04-06 19:46:10:4610 info: Docs available at http://localhost:3002/docs
2022-04-06 19:46:10:4610 info: Product found [{"id":1,"module":"1","courser_id":"126546654695","statue":"Completed","createdAt":"2022-03-22T10:11:05.000Z","updatedAt":"2022-03-22T10:11:05.000Z"},{"id":2,"module":"12","courser_id":"52252121","statue":"Incomplete","createdAt":"2022-03-22T14:31:26.000Z","updatedAt":"2022-03-22T14:31:26.000Z"},{"id":6,"module":"2","courser_id":"963258","statue":"Completed","createdAt":"2022-03-23T14:32:13.000Z","updatedAt":"2022-04-06T13:26:08.000Z"}]
2022-04-06 19:46:10:4610 info: Product found
2022-04-06 19:46:10:4610 info: Product update undefined
2022-04-06 19:46:10:4610 info: Product delete}
2022-04-06 19:46:10:4610 info: Id found []
2022-04-06 19:46:10:4610 info: Id found "1"
2022-04-06 19:46:10:4610 info: Id deleted {"evaluator_id":"963258"}
2022-04-06 19:46:12:4612 info: Docs available at http://localhost:3002/docs
2022-04-06 19:46:12:4612 info: Student successfully registered {}
2022-04-06 19:46:12:4612 info: Session Created, {"userId":"5ad4f180-3aab-4f21-acf6-5b4b8444d8f0","userAgent":"Testing-instance","valid":true}
2022-04-06 19:46:12:4612 info: Student logged in true
2022-04-06 19:49:36:4936 info: Docs available at http://localhost:3002/docs
2022-04-06 19:49:37:4937 info: Docs available at http://localhost:3002/docs
2022-04-06 19:49:38:4938 info: Product found [{"id":1,"module":"1","courser_id":"126546654695","statue":"Completed","createdAt":"2022-03-22T10:11:05.000Z","updatedAt":"2022-03-22T10:11:05.000Z"},{"id":2,"module":"12","courser_id":"52252121","statue":"Incomplete","createdAt":"2022-03-22T14:31:26.000Z","updatedAt":"2022-03-22T14:31:26.000Z"},{"id":6,"module":"2","courser_id":"963258","statue":"Completed","createdAt":"2022-03-23T14:32:13.000Z","updatedAt":"2022-04-06T13:26:08.000Z"}]
2022-04-06 19:49:38:4938 info: Product found
2022-04-06 19:49:38:4938 info: Product update undefined
2022-04-06 19:49:38:4938 info: Product delete}
2022-04-06 19:49:39:4939 info: Id found []
2022-04-06 19:49:39:4939 info: Id found "1"
2022-04-06 19:49:39:4939 info: Id deleted {"evaluator_id":"963258"}
2022-04-06 19:49:40:4940 info: Docs available at http://localhost:3002/docs
2022-04-06 19:49:41:4941 info: Student successfully registered {}
2022-04-06 19:49:41:4941 info: Session Created, {"userId":"5ad4f180-3aab-4f21-acf6-5b4b8444d8f0","userAgent":"Testing-instance","valid":true}
2022-04-06 19:49:41:4941 info: Student logged in true
2022-04-06 19:49:46:4946 info: Docs available at http://localhost:3002/docs
2022-04-06 19:49:46:4946 info: App is running at http://localhost:3002
2022-04-06 19:49:47:4947 info: Connected to the Database
2022-04-06 19:50:08:508 info: Id found {"id":1,"evaluator_name":"vamshi","mobile":7896541236,"email":"vamshi@gmail.com","updatedAt":"2022-04-06T14:20:08.450Z","createdAt":"2022-04-06T14:20:08.450Z"}
2022-04-06 19:50:39:5039 info: Docs available at http://localhost:3002/docs
2022-04-06 19:50:40:5040 info: Product found [{"id":1,"module":"1","courser_id":"126546654695","statue":"Completed","createdAt":"2022-03-22T10:11:05.000Z","updatedAt":"2022-03-22T10:11:05.000Z"},{"id":2,"module":"12","courser_id":"52252121","statue":"Incomplete","createdAt":"2022-03-22T14:31:26.000Z","updatedAt":"2022-03-22T14:31:26.000Z"},{"id":6,"module":"2","courser_id":"963258","statue":"Completed","createdAt":"2022-03-23T14:32:13.000Z","updatedAt":"2022-04-06T13:26:08.000Z"}]
2022-04-06 19:50:40:5040 info: Product found
2022-04-06 19:50:40:5040 info: Product update undefined
2022-04-06 19:50:40:5040 info: Product delete}
2022-04-06 19:50:41:5041 info: Docs available at http://localhost:3002/docs
2022-04-06 19:50:41:5041 info: Id found {"evaluator_name":"vamshi","mobile":7896541236,"email":"vamshi@gmail.com"}
2022-04-06 19:50:41:5041 info: Docs available at http://localhost:3002/docs
2022-04-06 19:50:41:5041 info: App is running at http://localhost:3002
2022-04-06 19:50:42:5042 info: Id found [{"id":1,"evaluator_name":"vamshi","mobile":7896541236,"email":"vamshi@gmail.com","statue":null,"createdAt":"2022-04-06T14:20:08.000Z","updatedAt":"2022-04-06T14:20:08.000Z"}]
2022-04-06 19:50:42:5042 info: Id found "1"
2022-04-06 19:50:42:5042 info: Id deleted {"evaluator_id":"963258"}
2022-04-06 19:50:42:5042 info: Connected to the Database
2022-04-06 19:50:43:5043 info: Docs available at http://localhost:3002/docs
2022-04-06 19:50:43:5043 info: Student successfully registered {}
2022-04-06 19:50:43:5043 info: Session Created, {"userId":"5ad4f180-3aab-4f21-acf6-5b4b8444d8f0","userAgent":"Testing-instance","valid":true}
2022-04-06 19:50:43:5043 info: Student logged in true
2022-04-06 19:51:43:5143 info: Docs available at http://localhost:3002/docs
2022-04-06 19:51:44:5144 info: Docs available at http://localhost:3002/docs
2022-04-06 19:51:44:5144 info: Id found {"evaluator_name":"vamshi","mobile":7896541236,"email":"vamshi@gmail.com"}
2022-04-06 19:51:44:5144 info: Product found [{"id":1,"module":"1","courser_id":"126546654695","statue":"Completed","createdAt":"2022-03-22T10:11:05.000Z","updatedAt":"2022-03-22T10:11:05.000Z"},{"id":2,"module":"12","courser_id":"52252121","statue":"Incomplete","createdAt":"2022-03-22T14:31:26.000Z","updatedAt":"2022-03-22T14:31:26.000Z"},{"id":6,"module":"2","courser_id":"963258","statue":"Completed","createdAt":"2022-03-23T14:32:13.000Z","updatedAt":"2022-04-06T13:26:08.000Z"}]
2022-04-06 19:51:44:5144 info: Product found
2022-04-06 19:51:45:5145 info: Product update undefined
2022-04-06 19:51:45:5145 info: Product delete}
2022-04-06 19:51:45:5145 info: Id found [{"id":1,"evaluator_name":"vamshi","mobile":7896541236,"email":"vamshi@gmail.com","statue":null,"createdAt":"2022-04-06T14:20:08.000Z","updatedAt":"2022-04-06T14:20:08.000Z"}]
2022-04-06 19:51:45:5145 info: Id found "1"
2022-04-06 19:51:45:5145 info: Id deleted {"evaluator_id":"963258"}
2022-04-06 19:51:48:5148 info: Docs available at http://localhost:3002/docs
2022-04-06 19:51:49:5149 info: Student successfully registered {}
2022-04-06 19:51:49:5149 info: Session Created, {"userId":"5ad4f180-3aab-4f21-acf6-5b4b8444d8f0","userAgent":"Testing-instance","valid":true}
2022-04-06 19:51:49:5149 info: Student logged in true
2022-04-06 19:51:52:5152 info: Docs available at http://localhost:3002/docs
2022-04-06 19:51:52:5152 info: App is running at http://localhost:3002
2022-04-06 19:51:52:5152 info: Connected to the Database
2022-04-06 19:52:48:5248 info: Docs available at http://localhost:3002/docs
2022-04-06 19:52:48:5248 info: Product found [{"id":1,"module":"1","courser_id":"126546654695","statue":"Completed","createdAt":"2022-03-22T10:11:05.000Z","updatedAt":"2022-03-22T10:11:05.000Z"},{"id":2,"module":"12","courser_id":"52252121","statue":"Incomplete","createdAt":"2022-03-22T14:31:26.000Z","updatedAt":"2022-03-22T14:31:26.000Z"},{"id":6,"module":"2","courser_id":"963258","statue":"Completed","createdAt":"2022-03-23T14:32:13.000Z","updatedAt":"2022-04-06T13:26:08.000Z"}]
2022-04-06 19:52:48:5248 info: Product found
2022-04-06 19:52:48:5248 info: Product update undefined
2022-04-06 19:52:48:5248 info: Product delete}
2022-04-06 19:52:49:5249 info: Docs available at http://localhost:3002/docs
2022-04-06 19:52:49:5249 info: Id found {"evaluator_name":"vamshi","mobile":7896541236,"email":"vamshi@gmail.com"}
2022-04-06 19:52:49:5249 info: Docs available at http://localhost:3002/docs
2022-04-06 19:52:49:5249 info: App is running at http://localhost:3002
2022-04-06 19:52:49:5249 info: Id found [{"id":1,"evaluator_name":"vamshi","mobile":7896541236,"email":"vamshi@gmail.com","statue":null,"createdAt":"2022-04-06T14:20:08.000Z","updatedAt":"2022-04-06T14:20:08.000Z"}]
2022-04-06 19:52:49:5249 info: Id found "1"
2022-04-06 19:52:49:5249 info: Id deleted {"evaluator_id":"963258"}
2022-04-06 19:52:50:5250 info: Connected to the Database
2022-04-06 19:52:51:5251 info: Docs available at http://localhost:3002/docs
2022-04-06 19:52:51:5251 info: Student successfully registered {}
2022-04-06 19:52:52:5252 info: Session Created, {"userId":"5ad4f180-3aab-4f21-acf6-5b4b8444d8f0","userAgent":"Testing-instance","valid":true}
2022-04-06 19:52:52:5252 info: Student logged in true
2022-04-06 19:56:04:564 info: Docs available at http://localhost:3002/docs
2022-04-06 19:56:05:565 info: Product found [{"id":1,"module":"1","courser_id":"126546654695","statue":"Completed","createdAt":"2022-03-22T10:11:05.000Z","updatedAt":"2022-03-22T10:11:05.000Z"},{"id":2,"module":"12","courser_id":"52252121","statue":"Incomplete","createdAt":"2022-03-22T14:31:26.000Z","updatedAt":"2022-03-22T14:31:26.000Z"},{"id":6,"module":"2","courser_id":"963258","statue":"Completed","createdAt":"2022-03-23T14:32:13.000Z","updatedAt":"2022-04-06T13:26:08.000Z"}]
2022-04-06 19:56:05:565 info: Product found
2022-04-06 19:56:05:565 info: Product update undefined
2022-04-06 19:56:05:565 info: Product delete}
2022-04-06 19:56:05:565 info: Docs available at http://localhost:3002/docs
2022-04-06 19:56:05:565 info: Id found {"evaluator_name":"vamshi","mobile":7896541236,"email":"vamshi@gmail.com"}
2022-04-06 19:56:06:566 info: Id found [{"id":1,"evaluator_name":"vamshi","mobile":7896541236,"email":"vamshi@gmail.com","statue":null,"createdAt":"2022-04-06T14:20:08.000Z","updatedAt":"2022-04-06T14:20:08.000Z"}]
2022-04-06 19:56:06:566 info: Id found "1"
2022-04-06 19:56:06:566 info: Docs available at http://localhost:3002/docs
2022-04-06 19:56:06:566 info: App is running at http://localhost:3002
2022-04-06 19:56:06:566 info: Id updated undefined
2022-04-06 19:56:06:566 info: Id deleted {"evaluator_id":"963258"}
2022-04-06 19:56:07:567 info: Connected to the Database
2022-04-06 19:56:07:567 info: Docs available at http://localhost:3002/docs
2022-04-06 19:56:08:568 info: Student successfully registered {}
2022-04-06 19:56:08:568 info: Session Created, {"userId":"5ad4f180-3aab-4f21-acf6-5b4b8444d8f0","userAgent":"Testing-instance","valid":true}
2022-04-06 19:56:08:568 info: Student logged in true
2022-04-06 19:57:18:5718 info: Docs available at http://localhost:3002/docs
2022-04-06 19:57:19:5719 info: Product found [{"id":1,"module":"1","courser_id":"126546654695","statue":"Completed","createdAt":"2022-03-22T10:11:05.000Z","updatedAt":"2022-03-22T10:11:05.000Z"},{"id":2,"module":"12","courser_id":"52252121","statue":"Incomplete","createdAt":"2022-03-22T14:31:26.000Z","updatedAt":"2022-03-22T14:31:26.000Z"},{"id":6,"module":"2","courser_id":"963258","statue":"Completed","createdAt":"2022-03-23T14:32:13.000Z","updatedAt":"2022-04-06T13:26:08.000Z"}]
2022-04-06 19:57:19:5719 info: Product found
2022-04-06 19:57:19:5719 info: Docs available at http://localhost:3002/docs
2022-04-06 19:57:19:5719 info: Product update undefined
2022-04-06 19:57:19:5719 info: Product delete}
2022-04-06 19:57:20:5720 info: Id found {"evaluator_name":"vamshi","mobile":7896541236,"email":"vamshi@gmail.com"}
2022-04-06 19:57:20:5720 info: Docs available at http://localhost:3002/docs
2022-04-06 19:57:20:5720 info: App is running at http://localhost:3002
2022-04-06 19:57:20:5720 info: Id found [{"id":1,"evaluator_name":"vamshi","mobile":7896541236,"email":"vamshi@gmail.com","statue":null,"createdAt":"2022-04-06T14:20:08.000Z","updatedAt":"2022-04-06T14:20:08.000Z"}]
2022-04-06 19:57:20:5720 info: Id found "1"
2022-04-06 19:57:20:5720 info: Id updated undefined
2022-04-06 19:57:20:5720 info: Id deleted {"id":"963258"}
2022-04-06 19:57:20:5720 info: Connected to the Database
2022-04-06 19:57:22:5722 info: Docs available at http://localhost:3002/docs
2022-04-06 19:57:22:5722 info: Student successfully registered {}
2022-04-06 19:57:22:5722 info: Session Created, {"userId":"5ad4f180-3aab-4f21-acf6-5b4b8444d8f0","userAgent":"Testing-instance","valid":true}
2022-04-06 19:57:22:5722 info: Student logged in true
2022-04-06 19:58:00:580 info: Id deleted 1
2022-04-06 19:58:28:5828 info: Docs available at http://localhost:3002/docs
2022-04-06 19:58:29:5829 info: Product found [{"id":1,"module":"1","courser_id":"126546654695","statue":"Completed","createdAt":"2022-03-22T10:11:05.000Z","updatedAt":"2022-03-22T10:11:05.000Z"},{"id":2,"module":"12","courser_id":"52252121","statue":"Incomplete","createdAt":"2022-03-22T14:31:26.000Z","updatedAt":"2022-03-22T14:31:26.000Z"},{"id":6,"module":"2","courser_id":"963258","statue":"Completed","createdAt":"2022-03-23T14:32:13.000Z","updatedAt":"2022-04-06T13:26:08.000Z"}]
2022-04-06 19:58:29:5829 info: Product found
2022-04-06 19:58:29:5829 info: Product update undefined
2022-04-06 19:58:29:5829 info: Product delete}
2022-04-06 19:58:30:5830 info: Docs available at http://localhost:3002/docs
2022-04-06 19:58:30:5830 info: Id found {"evaluator_name":"vamshi","mobile":7896541236,"email":"vamshi@gmail.com"}
2022-04-06 19:58:30:5830 info: Docs available at http://localhost:3002/docs
2022-04-06 19:58:30:5830 info: App is running at http://localhost:3002
2022-04-06 19:58:31:5831 info: Id found []
2022-04-06 19:58:31:5831 info: Id found "1"
2022-04-06 19:58:31:5831 error: Id found null
2022-04-06 19:58:31:5831 info: Id deleted {"id":"963258"}
2022-04-06 19:58:31:5831 info: Connected to the Database
2022-04-06 19:58:32:5832 info: Docs available at http://localhost:3002/docs
2022-04-06 19:58:32:5832 info: Student successfully registered {}
2022-04-06 19:58:32:5832 info: Session Created, {"userId":"5ad4f180-3aab-4f21-acf6-5b4b8444d8f0","userAgent":"Testing-instance","valid":true}
2022-04-06 19:58:32:5832 info: Student logged in true
2022-04-06 19:59:48:5948 info: Docs available at http://localhost:3002/docs
2022-04-06 19:59:49:5949 info: Product found [{"id":1,"module":"1","courser_id":"126546654695","statue":"Completed","createdAt":"2022-03-22T10:11:05.000Z","updatedAt":"2022-03-22T10:11:05.000Z"},{"id":2,"module":"12","courser_id":"52252121","statue":"Incomplete","createdAt":"2022-03-22T14:31:26.000Z","updatedAt":"2022-03-22T14:31:26.000Z"},{"id":6,"module":"2","courser_id":"963258","statue":"Completed","createdAt":"2022-03-23T14:32:13.000Z","updatedAt":"2022-04-06T13:26:08.000Z"}]
2022-04-06 19:59:49:5949 info: Product found
2022-04-06 19:59:49:5949 info: Product update undefined
2022-04-06 19:59:49:5949 info: Product delete}
2022-04-06 19:59:49:5949 info: Docs available at http://localhost:3002/docs
2022-04-06 19:59:49:5949 info: Id found {"evaluator_name":"vamshi","mobile":7896541236,"email":"vamshi@gmail.com"}
2022-04-06 19:59:50:5950 info: Id found []
2022-04-06 19:59:50:5950 info: Id found "1"
2022-04-06 19:59:50:5950 error: Id found null
2022-04-06 19:59:50:5950 info: Id deleted {"id":"2"}
2022-04-06 19:59:52:5952 info: Docs available at http://localhost:3002/docs
2022-04-06 19:59:53:5953 info: Student successfully registered {}
2022-04-06 19:59:53:5953 info: Session Created, {"userId":"5ad4f180-3aab-4f21-acf6-5b4b8444d8f0","userAgent":"Testing-instance","valid":true}
2022-04-06 19:59:53:5953 info: Student logged in true
2022-04-06 20:00:10:010 info: Docs available at http://localhost:3002/docs
2022-04-06 20:00:11:011 info: Product found [{"id":1,"module":"1","courser_id":"126546654695","statue":"Completed","createdAt":"2022-03-22T10:11:05.000Z","updatedAt":"2022-03-22T10:11:05.000Z"},{"id":2,"module":"12","courser_id":"52252121","statue":"Incomplete","createdAt":"2022-03-22T14:31:26.000Z","updatedAt":"2022-03-22T14:31:26.000Z"},{"id":6,"module":"2","courser_id":"963258","statue":"Completed","createdAt":"2022-03-23T14:32:13.000Z","updatedAt":"2022-04-06T13:26:08.000Z"}]
2022-04-06 20:00:11:011 info: Product found
2022-04-06 20:00:11:011 info: Product update undefined
2022-04-06 20:00:11:011 info: Product delete}
2022-04-06 20:00:11:011 info: Docs available at http://localhost:3002/docs
2022-04-06 20:00:11:011 info: Id found {"evaluator_name":"vamshi","mobile":7896541236,"email":"vamshi@gmail.com"}
2022-04-06 20:00:12:012 info: Id found []
2022-04-06 20:00:12:012 info: Id found "1"
2022-04-06 20:00:12:012 error: Id found null
2022-04-06 20:00:12:012 info: Id deleted {"id":"1"}
2022-04-06 20:00:12:012 info: Docs available at http://localhost:3002/docs
2022-04-06 20:00:12:012 info: App is running at http://localhost:3002
2022-04-06 20:00:13:013 info: Connected to the Database
2022-04-06 20:00:13:013 info: Docs available at http://localhost:3002/docs
2022-04-06 20:00:13:013 info: Student successfully registered {}
2022-04-06 20:00:14:014 info: Session Created, {"userId":"5ad4f180-3aab-4f21-acf6-5b4b8444d8f0","userAgent":"Testing-instance","valid":true}
2022-04-06 20:00:14:014 info: Student logged in true
2022-04-06 20:01:30:130 info: Docs available at http://localhost:3002/docs
2022-04-06 20:01:32:132 info: Docs available at http://localhost:3002/docs
2022-04-06 20:01:32:132 info: Id found {"evaluator_name":"vamshi","mobile":7896541236,"email":"vamshi@gmail.com"}
2022-04-06 20:01:36:136 info: Product found
2022-04-06 20:01:37:137 info: Docs available at http://localhost:3002/docs
2022-04-06 20:01:37:137 info: App is running at http://localhost:3002
2022-04-06 20:01:37:137 error: Something went wrong, message: getaddrinfo ENOTFOUND ls-26f6efb9ac86d2cc1ee72fb9e4d19e9b172da76d.chqqmkdqkqez.ap-south-1.rds.amazonaws.com
2022-04-06 20:01:37:137 info: Id found "1"
2022-04-06 20:01:37:137 info: Id updated undefined
2022-04-06 20:01:37:137 info: Id deleted {"id":"1"}
2022-04-06 20:01:39:139 info: Docs available at http://localhost:3002/docs
2022-04-06 20:01:41:141 info: Product delete}
2022-04-06 20:01:44:144 info: Session Created, {"userId":"5ad4f180-3aab-4f21-acf6-5b4b8444d8f0","userAgent":"Testing-instance","valid":true}
2022-04-06 20:01:44:144 info: Student logged in true
2022-04-06 20:09:04:94 info: Docs available at http://localhost:3002/docs
2022-04-06 20:09:04:94 info: Docs available at http://localhost:3002/docs
2022-04-06 20:09:05:95 info: Product found [{"id":1,"module":"1","courser_id":"126546654695","statue":"Completed","createdAt":"2022-03-22T10:11:05.000Z","updatedAt":"2022-03-22T10:11:05.000Z"},{"id":2,"module":"12","courser_id":"52252121","statue":"Incomplete","createdAt":"2022-03-22T14:31:26.000Z","updatedAt":"2022-03-22T14:31:26.000Z"},{"id":6,"module":"2","courser_id":"963258","statue":"Completed","createdAt":"2022-03-23T14:32:13.000Z","updatedAt":"2022-04-06T13:26:08.000Z"}]
2022-04-06 20:09:05:95 info: Product found
2022-04-06 20:09:05:95 info: Student successfully registered {}
2022-04-06 20:09:05:95 info: Session Created, {"userId":"5ad4f180-3aab-4f21-acf6-5b4b8444d8f0","userAgent":"Testing-instance","valid":true}
2022-04-06 20:09:05:95 info: Student logged in true
2022-04-06 20:09:05:95 info: Product update undefined
2022-04-06 20:09:05:95 info: Product delete}
2022-04-06 20:09:05:95 info: Docs available at http://localhost:3002/docs
2022-04-06 20:09:05:95 info: Id found {"evaluator_name":"vamshi","mobile":7896541236,"email":"vamshi@gmail.com"}
2022-04-06 20:09:06:96 info: Id found []
2022-04-06 20:09:06:96 info: Id found "1"
2022-04-06 20:09:06:96 error: Id found null
2022-04-06 20:09:06:96 info: Id deleted "1"
2022-04-06 20:09:08:98 info: Docs available at http://localhost:3002/docs
2022-04-06 20:09:08:98 info: Id found {"mentor_name":"vamshi","mobile":7896541236,"email":"vamshi@gmail.com"}
2022-04-06 20:09:08:98 info: Id found [{"id":13,"mentor_name":"MastanShaik","mobile":9876543211,"email":"Mastan@gmail.com","statue":null,"createdAt":"2022-04-06T07:53:58.000Z","updatedAt":"2022-04-06T07:53:58.000Z"},{"id":16,"mentor_name":"ArshiyaShaik","mobile":9010923116,"email":"Arshaiya@gmail.com","statue":null,"createdAt":"2022-04-06T07:56:42.000Z","updatedAt":"2022-04-06T07:56:42.000Z"}]
2022-04-06 20:09:08:98 error: Id found null
2022-04-06 20:09:08:98 error: Id found null
2022-04-06 20:09:08:98 info: Id deleted "1"
2022-04-06 20:12:13:1213 info: Docs available at http://localhost:3002/docs
2022-04-06 20:12:13:1213 info: Docs available at http://localhost:3002/docs
2022-04-06 20:12:13:1213 info: Id found {"evaluator_name":"vamshi","mobile":7896541236,"email":"vamshi@gmail.com"}
2022-04-06 20:12:14:1214 info: Docs available at http://localhost:3002/docs
2022-04-06 20:12:14:1214 info: Id found {"mentor_name":"vamshi","mobile":7896541236,"email":"vamshi@gmail.com"}
2022-04-06 20:12:14:1214 info: Product found [{"id":1,"module":"1","courser_id":"126546654695","statue":"Completed","createdAt":"2022-03-22T10:11:05.000Z","updatedAt":"2022-03-22T10:11:05.000Z"},{"id":2,"module":"12","courser_id":"52252121","statue":"Incomplete","createdAt":"2022-03-22T14:31:26.000Z","updatedAt":"2022-03-22T14:31:26.000Z"},{"id":6,"module":"2","courser_id":"963258","statue":"Completed","createdAt":"2022-03-23T14:32:13.000Z","updatedAt":"2022-04-06T13:26:08.000Z"}]
2022-04-06 20:12:14:1214 info: Id found []
2022-04-06 20:12:14:1214 info: Product found
2022-04-06 20:12:14:1214 info: Id found "1"
2022-04-06 20:12:14:1214 error: Id found null
2022-04-06 20:12:14:1214 info: Product update undefined
2022-04-06 20:12:14:1214 info: Product delete}
2022-04-06 20:12:14:1214 info: Id deleted "1"
2022-04-06 20:12:14:1214 info: Id found [{"id":13,"mentor_name":"MastanShaik","mobile":9876543211,"email":"Mastan@gmail.com","statue":null,"createdAt":"2022-04-06T07:53:58.000Z","updatedAt":"2022-04-06T07:53:58.000Z"},{"id":16,"mentor_name":"ArshiyaShaik","mobile":9010923116,"email":"Arshaiya@gmail.com","statue":null,"createdAt":"2022-04-06T07:56:42.000Z","updatedAt":"2022-04-06T07:56:42.000Z"}]
2022-04-06 20:12:14:1214 error: Id found null
2022-04-06 20:12:14:1214 error: Id found null
2022-04-06 20:12:14:1214 info: Id deleted "1"
2022-04-06 20:12:16:1216 info: Docs available at http://localhost:3002/docs
2022-04-06 20:12:16:1216 info: Student successfully registered {}
2022-04-06 20:12:16:1216 info: Session Created, {"userId":"5ad4f180-3aab-4f21-acf6-5b4b8444d8f0","userAgent":"Testing-instance","valid":true}
2022-04-06 20:12:16:1216 info: Student logged in true
